<?xml version="1.0" encoding="UTF-8" standalone="yes"?><!DOCTYPE report PUBLIC "-//JACOCO//DTD Report 1.1//EN" "report.dtd"><report name="argouml-sql"><sessioninfo id="b730f0c62223-9176699e" start="1585298650648" dump="1585298660478"/><sessioninfo id="b730f0c62223-2f99c72c" start="1585298660856" dump="1585298670328"/><sessioninfo id="b730f0c62223-2f1bb3bf" start="1585298670710" dump="1585298681038"/><package name="org/argouml/language/sql"><class name="org/argouml/language/sql/ForeignKeyDefinition" sourcefilename="ForeignKeyDefinition.java"><method name="&lt;init&gt;" desc="()V" line="73"><counter type="INSTRUCTION" missed="0" covered="13"/><counter type="LINE" missed="0" covered="4"/><counter type="COMPLEXITY" missed="0" covered="1"/><counter type="METHOD" missed="0" covered="1"/></method><method name="&lt;init&gt;" desc="(Lorg/argouml/language/sql/TableDefinition;)V" line="79"><counter type="INSTRUCTION" missed="10" covered="0"/><counter type="LINE" missed="4" covered="0"/><counter type="COMPLEXITY" missed="1" covered="0"/><counter type="METHOD" missed="1" covered="0"/></method><method name="getColumnNames" desc="()Ljava/util/List;" line="88"><counter type="INSTRUCTION" missed="0" covered="23"/><counter type="BRANCH" missed="0" covered="2"/><counter type="LINE" missed="0" covered="6"/><counter type="COMPLEXITY" missed="0" covered="2"/><counter type="METHOD" missed="0" covered="1"/></method><method name="addColumnDefinition" desc="(Lorg/argouml/language/sql/ColumnDefinition;)V" line="103"><counter type="INSTRUCTION" missed="0" covered="6"/><counter type="LINE" missed="0" covered="2"/><counter type="COMPLEXITY" missed="0" covered="1"/><counter type="METHOD" missed="0" covered="1"/></method><method name="addColumnDefinition" desc="(Ljava/lang/String;)V" line="111"><counter type="INSTRUCTION" missed="20" covered="0"/><counter type="BRANCH" missed="2" covered="0"/><counter type="LINE" missed="5" covered="0"/><counter type="COMPLEXITY" missed="2" covered="0"/><counter type="METHOD" missed="1" covered="0"/></method><method name="getReferencesColumnNames" desc="()Ljava/util/List;" line="123"><counter type="INSTRUCTION" missed="0" covered="23"/><counter type="BRANCH" missed="0" covered="2"/><counter type="LINE" missed="0" covered="5"/><counter type="COMPLEXITY" missed="0" covered="2"/><counter type="METHOD" missed="0" covered="1"/></method><method name="addReferencesColumn" desc="(Lorg/argouml/language/sql/ColumnDefinition;)V" line="137"><counter type="INSTRUCTION" missed="0" covered="6"/><counter type="LINE" missed="0" covered="2"/><counter type="COMPLEXITY" missed="0" covered="1"/><counter type="METHOD" missed="0" covered="1"/></method><method name="addReferencesColumn" desc="(Ljava/lang/String;)V" line="147"><counter type="INSTRUCTION" missed="20" covered="0"/><counter type="BRANCH" missed="2" covered="0"/><counter type="LINE" missed="5" covered="0"/><counter type="COMPLEXITY" missed="2" covered="0"/><counter type="METHOD" missed="1" covered="0"/></method><method name="getColumns" desc="()Ljava/util/List;" line="159"><counter type="INSTRUCTION" missed="3" covered="0"/><counter type="LINE" missed="1" covered="0"/><counter type="COMPLEXITY" missed="1" covered="0"/><counter type="METHOD" missed="1" covered="0"/></method><method name="getForeignKeyName" desc="()Ljava/lang/String;" line="166"><counter type="INSTRUCTION" missed="0" covered="3"/><counter type="LINE" missed="0" covered="1"/><counter type="COMPLEXITY" missed="0" covered="1"/><counter type="METHOD" missed="0" covered="1"/></method><method name="getLower" desc="()I" line="173"><counter type="INSTRUCTION" missed="3" covered="0"/><counter type="LINE" missed="1" covered="0"/><counter type="COMPLEXITY" missed="1" covered="0"/><counter type="METHOD" missed="1" covered="0"/></method><method name="getReferencesColumns" desc="()Ljava/util/List;" line="180"><counter type="INSTRUCTION" missed="3" covered="0"/><counter type="LINE" missed="1" covered="0"/><counter type="COMPLEXITY" missed="1" covered="0"/><counter type="METHOD" missed="1" covered="0"/></method><method name="hasColumnInTable" desc="(Ljava/lang/String;)Z" line="189"><counter type="INSTRUCTION" missed="24" covered="0"/><counter type="BRANCH" missed="4" covered="0"/><counter type="LINE" missed="7" covered="0"/><counter type="COMPLEXITY" missed="3" covered="0"/><counter type="METHOD" missed="1" covered="0"/></method><method name="getReferencesLower" desc="()I" line="205"><counter type="INSTRUCTION" missed="0" covered="3"/><counter type="LINE" missed="0" covered="1"/><counter type="COMPLEXITY" missed="0" covered="1"/><counter type="METHOD" missed="0" covered="1"/></method><method name="getReferencesTable" desc="()Lorg/argouml/language/sql/TableDefinition;" line="212"><counter type="INSTRUCTION" missed="3" covered="0"/><counter type="LINE" missed="1" covered="0"/><counter type="COMPLEXITY" missed="1" covered="0"/><counter type="METHOD" missed="1" covered="0"/></method><method name="getReferencesUpper" desc="()I" line="219"><counter type="INSTRUCTION" missed="3" covered="0"/><counter type="LINE" missed="1" covered="0"/><counter type="COMPLEXITY" missed="1" covered="0"/><counter type="METHOD" missed="1" covered="0"/></method><method name="getTable" desc="()Lorg/argouml/language/sql/TableDefinition;" line="226"><counter type="INSTRUCTION" missed="0" covered="3"/><counter type="LINE" missed="0" covered="1"/><counter type="COMPLEXITY" missed="0" covered="1"/><counter type="METHOD" missed="0" covered="1"/></method><method name="getUpper" desc="()I" line="233"><counter type="INSTRUCTION" missed="0" covered="3"/><counter type="LINE" missed="0" covered="1"/><counter type="COMPLEXITY" missed="0" covered="1"/><counter type="METHOD" missed="0" covered="1"/></method><method name="getReferencesTableName" desc="()Ljava/lang/String;" line="240"><counter type="INSTRUCTION" missed="0" covered="4"/><counter type="LINE" missed="0" covered="1"/><counter type="COMPLEXITY" missed="0" covered="1"/><counter type="METHOD" missed="0" covered="1"/></method><method name="getTableName" desc="()Ljava/lang/String;" line="247"><counter type="INSTRUCTION" missed="0" covered="4"/><counter type="LINE" missed="0" covered="1"/><counter type="COMPLEXITY" missed="0" covered="1"/><counter type="METHOD" missed="0" covered="1"/></method><method name="setForeignKeyName" desc="(Ljava/lang/String;)V" line="255"><counter type="INSTRUCTION" missed="0" covered="4"/><counter type="LINE" missed="0" covered="2"/><counter type="COMPLEXITY" missed="0" covered="1"/><counter type="METHOD" missed="0" covered="1"/></method><method name="setReferencesTable" desc="(Lorg/argouml/language/sql/TableDefinition;)V" line="263"><counter type="INSTRUCTION" missed="0" covered="4"/><counter type="LINE" missed="0" covered="2"/><counter type="COMPLEXITY" missed="0" covered="1"/><counter type="METHOD" missed="0" covered="1"/></method><method name="setTable" desc="(Lorg/argouml/language/sql/TableDefinition;)V" line="271"><counter type="INSTRUCTION" missed="0" covered="4"/><counter type="LINE" missed="0" covered="2"/><counter type="COMPLEXITY" missed="0" covered="1"/><counter type="METHOD" missed="0" covered="1"/></method><method name="setLower" desc="(I)V" line="279"><counter type="INSTRUCTION" missed="0" covered="4"/><counter type="LINE" missed="0" covered="2"/><counter type="COMPLEXITY" missed="0" covered="1"/><counter type="METHOD" missed="0" covered="1"/></method><method name="setReferencesLower" desc="(I)V" line="287"><counter type="INSTRUCTION" missed="0" covered="4"/><counter type="LINE" missed="0" covered="2"/><counter type="COMPLEXITY" missed="0" covered="1"/><counter type="METHOD" missed="0" covered="1"/></method><method name="setReferencesUpper" desc="(I)V" line="295"><counter type="INSTRUCTION" missed="0" covered="4"/><counter type="LINE" missed="0" covered="2"/><counter type="COMPLEXITY" missed="0" covered="1"/><counter type="METHOD" missed="0" covered="1"/></method><method name="setUpper" desc="(I)V" line="303"><counter type="INSTRUCTION" missed="0" covered="4"/><counter type="LINE" missed="0" covered="2"/><counter type="COMPLEXITY" missed="0" covered="1"/><counter type="METHOD" missed="0" covered="1"/></method><counter type="INSTRUCTION" missed="89" covered="119"/><counter type="BRANCH" missed="8" covered="4"/><counter type="LINE" missed="26" covered="39"/><counter type="COMPLEXITY" missed="13" covered="20"/><counter type="METHOD" missed="9" covered="18"/><counter type="CLASS" missed="0" covered="1"/></class><class name="org/argouml/language/sql/SqlCodeCreator" sourcefilename="SqlCodeCreator.java"/><class name="org/argouml/language/sql/SqlCreatorLoader" sourcefilename="SqlCreatorLoader.java"><method name="&lt;init&gt;" desc="()V" line="68"><counter type="INSTRUCTION" missed="3" covered="0"/><counter type="LINE" missed="1" covered="0"/><counter type="COMPLEXITY" missed="1" covered="0"/><counter type="METHOD" missed="1" covered="0"/></method><method name="getClassesFromJar" desc="(Ljava/lang/ClassLoader;Ljava/util/jar/JarFile;)Ljava/util/Collection;" line="83"><counter type="INSTRUCTION" missed="95" covered="0"/><counter type="BRANCH" missed="4" covered="0"/><counter type="LINE" missed="20" covered="0"/><counter type="COMPLEXITY" missed="3" covered="0"/><counter type="METHOD" missed="1" covered="0"/></method><method name="getClassesFromDir" desc="(Ljava/io/File;)Ljava/util/Collection;" line="122"><counter type="INSTRUCTION" missed="144" covered="0"/><counter type="BRANCH" missed="12" covered="0"/><counter type="LINE" missed="30" covered="0"/><counter type="COMPLEXITY" missed="7" covered="0"/><counter type="METHOD" missed="1" covered="0"/></method><method name="getCodeCreators" desc="()Ljava/util/Collection;" line="178"><counter type="INSTRUCTION" missed="45" covered="0"/><counter type="BRANCH" missed="6" covered="0"/><counter type="LINE" missed="10" covered="0"/><counter type="COMPLEXITY" missed="4" covered="0"/><counter type="METHOD" missed="1" covered="0"/></method><method name="&lt;clinit&gt;" desc="()V" line="110"><counter type="INSTRUCTION" missed="4" covered="0"/><counter type="LINE" missed="1" covered="0"/><counter type="COMPLEXITY" missed="1" covered="0"/><counter type="METHOD" missed="1" covered="0"/></method><counter type="INSTRUCTION" missed="291" covered="0"/><counter type="BRANCH" missed="22" covered="0"/><counter type="LINE" missed="62" covered="0"/><counter type="COMPLEXITY" missed="16" covered="0"/><counter type="METHOD" missed="5" covered="0"/><counter type="CLASS" missed="1" covered="0"/></class><class name="org/argouml/language/sql/MySqlCodeCreator" sourcefilename="MySqlCodeCreator.java"><method name="&lt;init&gt;" desc="()V" line="17"><counter type="INSTRUCTION" missed="3" covered="0"/><counter type="LINE" missed="1" covered="0"/><counter type="COMPLEXITY" missed="1" covered="0"/><counter type="METHOD" missed="1" covered="0"/></method><method name="createForeignKey" desc="(Lorg/argouml/language/sql/ForeignKeyDefinition;)Ljava/lang/String;" line="32"><counter type="INSTRUCTION" missed="66" covered="0"/><counter type="LINE" missed="16" covered="0"/><counter type="COMPLEXITY" missed="1" covered="0"/><counter type="METHOD" missed="1" covered="0"/></method><method name="createTable" desc="(Lorg/argouml/language/sql/TableDefinition;)Ljava/lang/String;" line="63"><counter type="INSTRUCTION" missed="158" covered="0"/><counter type="BRANCH" missed="18" covered="0"/><counter type="LINE" missed="37" covered="0"/><counter type="COMPLEXITY" missed="10" covered="0"/><counter type="METHOD" missed="1" covered="0"/></method><method name="getName" desc="()Ljava/lang/String;" line="115"><counter type="INSTRUCTION" missed="2" covered="0"/><counter type="LINE" missed="1" covered="0"/><counter type="COMPLEXITY" missed="1" covered="0"/><counter type="METHOD" missed="1" covered="0"/></method><method name="&lt;clinit&gt;" desc="()V" line="18"><counter type="INSTRUCTION" missed="4" covered="0"/><counter type="LINE" missed="2" covered="0"/><counter type="COMPLEXITY" missed="1" covered="0"/><counter type="METHOD" missed="1" covered="0"/></method><counter type="INSTRUCTION" missed="233" covered="0"/><counter type="BRANCH" missed="18" covered="0"/><counter type="LINE" missed="57" covered="0"/><counter type="COMPLEXITY" missed="14" covered="0"/><counter type="METHOD" missed="5" covered="0"/><counter type="CLASS" missed="1" covered="0"/></class><class name="org/argouml/language/sql/ModelValidator" sourcefilename="ModelValidator.java"><method name="&lt;init&gt;" desc="()V" line="58"><counter type="INSTRUCTION" missed="0" covered="18"/><counter type="LINE" missed="0" covered="5"/><counter type="COMPLEXITY" missed="0" covered="1"/><counter type="METHOD" missed="0" covered="1"/></method><method name="validate" desc="(Ljava/util/Collection;)Ljava/util/List;" line="80"><counter type="INSTRUCTION" missed="31" covered="39"/><counter type="BRANCH" missed="5" covered="5"/><counter type="LINE" missed="6" covered="10"/><counter type="COMPLEXITY" missed="4" covered="2"/><counter type="METHOD" missed="0" covered="1"/></method><method name="validateRelation" desc="(Ljava/lang/Object;)V" line="105"><counter type="INSTRUCTION" missed="0" covered="10"/><counter type="LINE" missed="0" covered="4"/><counter type="COMPLEXITY" missed="0" covered="1"/><counter type="METHOD" missed="0" covered="1"/></method><method name="validateFkAttributes" desc="(Ljava/lang/Object;)V" line="111"><counter type="INSTRUCTION" missed="4" covered="18"/><counter type="BRANCH" missed="1" covered="3"/><counter type="LINE" missed="1" covered="6"/><counter type="COMPLEXITY" missed="1" covered="2"/><counter type="METHOD" missed="0" covered="1"/></method><method name="validatePrimaryKey" desc="(Ljava/lang/Object;)V" line="127"><counter type="INSTRUCTION" missed="0" covered="39"/><counter type="BRANCH" missed="0" covered="6"/><counter type="LINE" missed="0" covered="13"/><counter type="COMPLEXITY" missed="0" covered="4"/><counter type="METHOD" missed="0" covered="1"/></method><method name="validateFkAttribute" desc="(Ljava/lang/Object;Ljava/lang/Object;)V" line="153"><counter type="INSTRUCTION" missed="134" covered="0"/><counter type="BRANCH" missed="8" covered="0"/><counter type="LINE" missed="25" covered="0"/><counter type="COMPLEXITY" missed="5" covered="0"/><counter type="METHOD" missed="1" covered="0"/></method><method name="validateFkConsistence" desc="(Ljava/lang/Object;Ljava/lang/Object;I)V" line="222"><counter type="INSTRUCTION" missed="57" covered="0"/><counter type="BRANCH" missed="8" covered="0"/><counter type="LINE" missed="7" covered="0"/><counter type="COMPLEXITY" missed="5" covered="0"/><counter type="METHOD" missed="1" covered="0"/></method><method name="validateAssociations" desc="(Ljava/lang/Object;)V" line="242"><counter type="INSTRUCTION" missed="11" covered="11"/><counter type="BRANCH" missed="1" covered="1"/><counter type="LINE" missed="4" covered="4"/><counter type="COMPLEXITY" missed="1" covered="1"/><counter type="METHOD" missed="0" covered="1"/></method><method name="validateAssociation" desc="(Ljava/lang/Object;)V" line="263"><counter type="INSTRUCTION" missed="102" covered="0"/><counter type="BRANCH" missed="10" covered="0"/><counter type="LINE" missed="19" covered="0"/><counter type="COMPLEXITY" missed="6" covered="0"/><counter type="METHOD" missed="1" covered="0"/></method><counter type="INSTRUCTION" missed="339" covered="135"/><counter type="BRANCH" missed="33" covered="15"/><counter type="LINE" missed="62" covered="42"/><counter type="COMPLEXITY" missed="22" covered="11"/><counter type="METHOD" missed="3" covered="6"/><counter type="CLASS" missed="0" covered="1"/></class><class name="org/argouml/language/sql/ColumnDefinition" sourcefilename="ColumnDefinition.java"><method name="&lt;init&gt;" desc="()V" line="77"><counter type="INSTRUCTION" missed="0" covered="3"/><counter type="LINE" missed="0" covered="2"/><counter type="COMPLEXITY" missed="0" covered="1"/><counter type="METHOD" missed="0" covered="1"/></method><method name="&lt;init&gt;" desc="(Lorg/argouml/language/sql/TableDefinition;Ljava/lang/String;)V" line="81"><counter type="INSTRUCTION" missed="12" covered="0"/><counter type="LINE" missed="5" covered="0"/><counter type="COMPLEXITY" missed="1" covered="0"/><counter type="METHOD" missed="1" covered="0"/></method><method name="&lt;init&gt;" desc="(Ljava/lang/String;Ljava/lang/String;Ljava/lang/Boolean;)V" line="95"><counter type="INSTRUCTION" missed="0" covered="12"/><counter type="LINE" missed="0" covered="5"/><counter type="COMPLEXITY" missed="0" covered="1"/><counter type="METHOD" missed="0" covered="1"/></method><method name="findOrCreateColumnDefinition" desc="(Lorg/argouml/language/sql/TableDefinition;Ljava/lang/String;)Lorg/argouml/language/sql/ColumnDefinition;" line="114"><counter type="INSTRUCTION" missed="14" covered="0"/><counter type="BRANCH" missed="2" covered="0"/><counter type="LINE" missed="4" covered="0"/><counter type="COMPLEXITY" missed="2" covered="0"/><counter type="METHOD" missed="1" covered="0"/></method><method name="getDatatype" desc="()Ljava/lang/String;" line="127"><counter type="INSTRUCTION" missed="0" covered="3"/><counter type="LINE" missed="0" covered="1"/><counter type="COMPLEXITY" missed="0" covered="1"/><counter type="METHOD" missed="0" covered="1"/></method><method name="getDefaultValue" desc="()Ljava/lang/String;" line="135"><counter type="INSTRUCTION" missed="3" covered="0"/><counter type="LINE" missed="1" covered="0"/><counter type="COMPLEXITY" missed="1" covered="0"/><counter type="METHOD" missed="1" covered="0"/></method><method name="getName" desc="()Ljava/lang/String;" line="143"><counter type="INSTRUCTION" missed="0" covered="3"/><counter type="LINE" missed="0" covered="1"/><counter type="COMPLEXITY" missed="0" covered="1"/><counter type="METHOD" missed="0" covered="1"/></method><method name="getNullable" desc="()Ljava/lang/Boolean;" line="151"><counter type="INSTRUCTION" missed="0" covered="3"/><counter type="LINE" missed="0" covered="1"/><counter type="COMPLEXITY" missed="0" covered="1"/><counter type="METHOD" missed="0" covered="1"/></method><method name="getAutoInc" desc="()Ljava/lang/Boolean;" line="159"><counter type="INSTRUCTION" missed="3" covered="0"/><counter type="LINE" missed="1" covered="0"/><counter type="COMPLEXITY" missed="1" covered="0"/><counter type="METHOD" missed="1" covered="0"/></method><method name="setDatatype" desc="(Ljava/lang/String;)V" line="168"><counter type="INSTRUCTION" missed="4" covered="0"/><counter type="LINE" missed="2" covered="0"/><counter type="COMPLEXITY" missed="1" covered="0"/><counter type="METHOD" missed="1" covered="0"/></method><method name="setDefaultValue" desc="(Ljava/lang/String;)V" line="177"><counter type="INSTRUCTION" missed="4" covered="0"/><counter type="LINE" missed="2" covered="0"/><counter type="COMPLEXITY" missed="1" covered="0"/><counter type="METHOD" missed="1" covered="0"/></method><method name="setName" desc="(Ljava/lang/String;)V" line="186"><counter type="INSTRUCTION" missed="4" covered="0"/><counter type="LINE" missed="2" covered="0"/><counter type="COMPLEXITY" missed="1" covered="0"/><counter type="METHOD" missed="1" covered="0"/></method><method name="setNullable" desc="(Ljava/lang/Boolean;)V" line="195"><counter type="INSTRUCTION" missed="4" covered="0"/><counter type="LINE" missed="2" covered="0"/><counter type="COMPLEXITY" missed="1" covered="0"/><counter type="METHOD" missed="1" covered="0"/></method><method name="setAutoInc" desc="(Ljava/lang/Boolean;)V" line="205"><counter type="INSTRUCTION" missed="4" covered="0"/><counter type="LINE" missed="2" covered="0"/><counter type="COMPLEXITY" missed="1" covered="0"/><counter type="METHOD" missed="1" covered="0"/></method><method name="getLength" desc="()Ljava/lang/Integer;" line="209"><counter type="INSTRUCTION" missed="3" covered="0"/><counter type="LINE" missed="1" covered="0"/><counter type="COMPLEXITY" missed="1" covered="0"/><counter type="METHOD" missed="1" covered="0"/></method><method name="setLength" desc="(Ljava/lang/Integer;)V" line="213"><counter type="INSTRUCTION" missed="4" covered="0"/><counter type="LINE" missed="2" covered="0"/><counter type="COMPLEXITY" missed="1" covered="0"/><counter type="METHOD" missed="1" covered="0"/></method><method name="getNbDecimal" desc="()Ljava/lang/Integer;" line="217"><counter type="INSTRUCTION" missed="3" covered="0"/><counter type="LINE" missed="1" covered="0"/><counter type="COMPLEXITY" missed="1" covered="0"/><counter type="METHOD" missed="1" covered="0"/></method><method name="setNbDecimal" desc="(Ljava/lang/Integer;)V" line="221"><counter type="INSTRUCTION" missed="4" covered="0"/><counter type="LINE" missed="2" covered="0"/><counter type="COMPLEXITY" missed="1" covered="0"/><counter type="METHOD" missed="1" covered="0"/></method><method name="getTable" desc="()Lorg/argouml/language/sql/TableDefinition;" line="225"><counter type="INSTRUCTION" missed="3" covered="0"/><counter type="LINE" missed="1" covered="0"/><counter type="COMPLEXITY" missed="1" covered="0"/><counter type="METHOD" missed="1" covered="0"/></method><method name="setTable" desc="(Lorg/argouml/language/sql/TableDefinition;)V" line="229"><counter type="INSTRUCTION" missed="4" covered="0"/><counter type="LINE" missed="2" covered="0"/><counter type="COMPLEXITY" missed="1" covered="0"/><counter type="METHOD" missed="1" covered="0"/></method><method name="getComment" desc="()Ljava/lang/String;" line="233"><counter type="INSTRUCTION" missed="3" covered="0"/><counter type="LINE" missed="1" covered="0"/><counter type="COMPLEXITY" missed="1" covered="0"/><counter type="METHOD" missed="1" covered="0"/></method><method name="setComment" desc="(Ljava/lang/String;)V" line="237"><counter type="INSTRUCTION" missed="4" covered="0"/><counter type="LINE" missed="2" covered="0"/><counter type="COMPLEXITY" missed="1" covered="0"/><counter type="METHOD" missed="1" covered="0"/></method><counter type="INSTRUCTION" missed="80" covered="24"/><counter type="BRANCH" missed="2" covered="0"/><counter type="LINE" missed="33" covered="10"/><counter type="COMPLEXITY" missed="18" covered="5"/><counter type="METHOD" missed="17" covered="5"/><counter type="CLASS" missed="0" covered="1"/></class><class name="org/argouml/language/sql/DomainMapper" sourcefilename="DomainMapper.java"><method name="&lt;init&gt;" desc="()V" line="106"><counter type="INSTRUCTION" missed="10" covered="0"/><counter type="LINE" missed="4" covered="0"/><counter type="COMPLEXITY" missed="1" covered="0"/><counter type="METHOD" missed="1" covered="0"/></method><method name="clear" desc="(Ljava/lang/Class;)V" line="118"><counter type="INSTRUCTION" missed="5" covered="0"/><counter type="LINE" missed="2" covered="0"/><counter type="COMPLEXITY" missed="1" covered="0"/><counter type="METHOD" missed="1" covered="0"/></method><method name="getDatatype" desc="(Ljava/lang/Class;Ljava/lang/String;)Ljava/lang/String;" line="136"><counter type="INSTRUCTION" missed="19" covered="0"/><counter type="BRANCH" missed="4" covered="0"/><counter type="LINE" missed="7" covered="0"/><counter type="COMPLEXITY" missed="3" covered="0"/><counter type="METHOD" missed="1" covered="0"/></method><method name="getMappingsFor" desc="(Ljava/lang/String;)Ljava/util/Map;" line="149"><counter type="INSTRUCTION" missed="21" covered="0"/><counter type="BRANCH" missed="2" covered="0"/><counter type="LINE" missed="5" covered="0"/><counter type="COMPLEXITY" missed="2" covered="0"/><counter type="METHOD" missed="1" covered="0"/></method><method name="getMappingsFor" desc="(Ljava/lang/Class;)Ljava/util/Map;" line="163"><counter type="INSTRUCTION" missed="5" covered="0"/><counter type="LINE" missed="1" covered="0"/><counter type="COMPLEXITY" missed="1" covered="0"/><counter type="METHOD" missed="1" covered="0"/></method><method name="getDomainMap" desc="()Ljava/io/InputStream;" line="168"><counter type="INSTRUCTION" missed="42" covered="0"/><counter type="BRANCH" missed="2" covered="0"/><counter type="LINE" missed="13" covered="0"/><counter type="COMPLEXITY" missed="2" covered="0"/><counter type="METHOD" missed="1" covered="0"/></method><method name="load" desc="()V" line="194"><counter type="INSTRUCTION" missed="69" covered="0"/><counter type="BRANCH" missed="4" covered="0"/><counter type="LINE" missed="21" covered="0"/><counter type="COMPLEXITY" missed="3" covered="0"/><counter type="METHOD" missed="1" covered="0"/></method><method name="save" desc="()V" line="229"><counter type="INSTRUCTION" missed="93" covered="0"/><counter type="BRANCH" missed="2" covered="0"/><counter type="LINE" missed="27" covered="0"/><counter type="COMPLEXITY" missed="2" covered="0"/><counter type="METHOD" missed="1" covered="0"/></method><method name="setDatatype" desc="(Ljava/lang/Class;Ljava/lang/String;Ljava/lang/String;)V" line="277"><counter type="INSTRUCTION" missed="10" covered="0"/><counter type="LINE" missed="3" covered="0"/><counter type="COMPLEXITY" missed="1" covered="0"/><counter type="METHOD" missed="1" covered="0"/></method><method name="readMappings" desc="(Ljava/util/Map;Lorg/w3c/dom/NodeList;)V" line="282"><counter type="INSTRUCTION" missed="40" covered="0"/><counter type="BRANCH" missed="4" covered="0"/><counter type="LINE" missed="11" covered="0"/><counter type="COMPLEXITY" missed="3" covered="0"/><counter type="METHOD" missed="1" covered="0"/></method><method name="writeMappings" desc="(Ljava/io/Writer;Ljava/util/Map;)V" line="299"><counter type="INSTRUCTION" missed="75" covered="0"/><counter type="BRANCH" missed="2" covered="0"/><counter type="LINE" missed="18" covered="0"/><counter type="COMPLEXITY" missed="2" covered="0"/><counter type="METHOD" missed="1" covered="0"/></method><method name="&lt;clinit&gt;" desc="()V" line="83"><counter type="INSTRUCTION" missed="8" covered="0"/><counter type="LINE" missed="2" covered="0"/><counter type="COMPLEXITY" missed="1" covered="0"/><counter type="METHOD" missed="1" covered="0"/></method><counter type="INSTRUCTION" missed="397" covered="0"/><counter type="BRANCH" missed="20" covered="0"/><counter type="LINE" missed="114" covered="0"/><counter type="COMPLEXITY" missed="22" covered="0"/><counter type="METHOD" missed="12" covered="0"/><counter type="CLASS" missed="1" covered="0"/></class><class name="org/argouml/language/sql/FirebirdSqlCodeCreator" sourcefilename="FirebirdSqlCodeCreator.java"><method name="&lt;init&gt;" desc="()V" line="23"><counter type="INSTRUCTION" missed="0" covered="5"/><counter type="LINE" missed="0" covered="3"/><counter type="COMPLEXITY" missed="0" covered="1"/><counter type="METHOD" missed="0" covered="1"/></method><method name="resetCounters" desc="()V" line="32"><counter type="INSTRUCTION" missed="0" covered="7"/><counter type="LINE" missed="0" covered="3"/><counter type="COMPLEXITY" missed="0" covered="1"/><counter type="METHOD" missed="0" covered="1"/></method><method name="createForeignKey" desc="(Lorg/argouml/language/sql/ForeignKeyDefinition;)Ljava/lang/String;" line="46"><counter type="INSTRUCTION" missed="0" covered="104"/><counter type="BRANCH" missed="0" covered="4"/><counter type="LINE" missed="0" covered="27"/><counter type="COMPLEXITY" missed="0" covered="3"/><counter type="METHOD" missed="0" covered="1"/></method><method name="getOneToOneTriggerBody" desc="(Lorg/argouml/language/sql/ForeignKeyDefinition;Ljava/lang/String;)Ljava/lang/String;" line="87"><counter type="INSTRUCTION" missed="0" covered="142"/><counter type="BRANCH" missed="0" covered="6"/><counter type="LINE" missed="0" covered="28"/><counter type="COMPLEXITY" missed="0" covered="4"/><counter type="METHOD" missed="0" covered="1"/></method><method name="getOneToOneTrigger" desc="(Lorg/argouml/language/sql/ForeignKeyDefinition;)Ljava/lang/String;" line="133"><counter type="INSTRUCTION" missed="0" covered="147"/><counter type="LINE" missed="0" covered="27"/><counter type="COMPLEXITY" missed="0" covered="1"/><counter type="METHOD" missed="0" covered="1"/></method><method name="createTable" desc="(Lorg/argouml/language/sql/TableDefinition;)Ljava/lang/String;" line="186"><counter type="INSTRUCTION" missed="4" covered="127"/><counter type="BRANCH" missed="2" covered="8"/><counter type="LINE" missed="1" covered="29"/><counter type="COMPLEXITY" missed="2" covered="4"/><counter type="METHOD" missed="0" covered="1"/></method><method name="getName" desc="()Ljava/lang/String;" line="232"><counter type="INSTRUCTION" missed="0" covered="2"/><counter type="LINE" missed="0" covered="1"/><counter type="COMPLEXITY" missed="0" covered="1"/><counter type="METHOD" missed="0" covered="1"/></method><method name="&lt;clinit&gt;" desc="()V" line="12"><counter type="INSTRUCTION" missed="0" covered="4"/><counter type="LINE" missed="0" covered="2"/><counter type="COMPLEXITY" missed="0" covered="1"/><counter type="METHOD" missed="0" covered="1"/></method><counter type="INSTRUCTION" missed="4" covered="538"/><counter type="BRANCH" missed="2" covered="18"/><counter type="LINE" missed="1" covered="120"/><counter type="COMPLEXITY" missed="2" covered="16"/><counter type="METHOD" missed="0" covered="8"/><counter type="CLASS" missed="0" covered="1"/></class><class name="org/argouml/language/sql/TableDefinition" sourcefilename="TableDefinition.java"><method name="&lt;init&gt;" desc="()V" line="70"><counter type="INSTRUCTION" missed="0" covered="23"/><counter type="LINE" missed="0" covered="6"/><counter type="COMPLEXITY" missed="0" covered="1"/><counter type="METHOD" missed="0" covered="1"/></method><method name="getColumnDefinitions" desc="()Ljava/util/List;" line="81"><counter type="INSTRUCTION" missed="0" covered="3"/><counter type="LINE" missed="0" covered="1"/><counter type="COMPLEXITY" missed="0" covered="1"/><counter type="METHOD" missed="0" covered="1"/></method><method name="addColumnDefinition" desc="(Lorg/argouml/language/sql/ColumnDefinition;)V" line="91"><counter type="INSTRUCTION" missed="0" covered="13"/><counter type="LINE" missed="0" covered="3"/><counter type="COMPLEXITY" missed="0" covered="1"/><counter type="METHOD" missed="0" covered="1"/></method><method name="addPrimaryKeyField" desc="(Ljava/lang/String;)V" line="102"><counter type="INSTRUCTION" missed="0" covered="6"/><counter type="LINE" missed="0" covered="2"/><counter type="COMPLEXITY" missed="0" covered="1"/><counter type="METHOD" missed="0" covered="1"/></method><method name="getName" desc="()Ljava/lang/String;" line="109"><counter type="INSTRUCTION" missed="0" covered="3"/><counter type="LINE" missed="0" covered="1"/><counter type="COMPLEXITY" missed="0" covered="1"/><counter type="METHOD" missed="0" covered="1"/></method><method name="setName" desc="(Ljava/lang/String;)V" line="117"><counter type="INSTRUCTION" missed="0" covered="4"/><counter type="LINE" missed="0" covered="2"/><counter type="COMPLEXITY" missed="0" covered="1"/><counter type="METHOD" missed="0" covered="1"/></method><method name="getComment" desc="()Ljava/lang/String;" line="121"><counter type="INSTRUCTION" missed="3" covered="0"/><counter type="LINE" missed="1" covered="0"/><counter type="COMPLEXITY" missed="1" covered="0"/><counter type="METHOD" missed="1" covered="0"/></method><method name="setComment" desc="(Ljava/lang/String;)V" line="125"><counter type="INSTRUCTION" missed="4" covered="0"/><counter type="LINE" missed="2" covered="0"/><counter type="COMPLEXITY" missed="1" covered="0"/><counter type="METHOD" missed="1" covered="0"/></method><method name="getPrimaryKeyFields" desc="()Ljava/util/List;" line="132"><counter type="INSTRUCTION" missed="0" covered="3"/><counter type="LINE" missed="0" covered="1"/><counter type="COMPLEXITY" missed="0" covered="1"/><counter type="METHOD" missed="0" covered="1"/></method><method name="getColumnDefinition" desc="(Ljava/lang/String;)Lorg/argouml/language/sql/ColumnDefinition;" line="145"><counter type="INSTRUCTION" missed="6" covered="0"/><counter type="LINE" missed="1" covered="0"/><counter type="COMPLEXITY" missed="1" covered="0"/><counter type="METHOD" missed="1" covered="0"/></method><method name="getFkDefinitions" desc="()Ljava/util/List;" line="150"><counter type="INSTRUCTION" missed="3" covered="0"/><counter type="LINE" missed="1" covered="0"/><counter type="COMPLEXITY" missed="1" covered="0"/><counter type="METHOD" missed="1" covered="0"/></method><method name="addFkDefinition" desc="(Lorg/argouml/language/sql/ForeignKeyDefinition;)V" line="154"><counter type="INSTRUCTION" missed="6" covered="0"/><counter type="LINE" missed="2" covered="0"/><counter type="COMPLEXITY" missed="1" covered="0"/><counter type="METHOD" missed="1" covered="0"/></method><counter type="INSTRUCTION" missed="22" covered="55"/><counter type="LINE" missed="7" covered="16"/><counter type="COMPLEXITY" missed="5" covered="7"/><counter type="METHOD" missed="5" covered="7"/><counter type="CLASS" missed="0" covered="1"/></class><class name="org/argouml/language/sql/GeneratorSql" sourcefilename="GeneratorSql.java"><method name="&lt;init&gt;" desc="()V" line="134"><counter type="INSTRUCTION" missed="8" covered="0"/><counter type="LINE" missed="3" covered="0"/><counter type="COMPLEXITY" missed="1" covered="0"/><counter type="METHOD" missed="1" covered="0"/></method><method name="loadSqlCodeCreators" desc="()Ljava/util/List;" line="139"><counter type="INSTRUCTION" missed="60" covered="0"/><counter type="BRANCH" missed="2" covered="0"/><counter type="LINE" missed="15" covered="0"/><counter type="COMPLEXITY" missed="2" covered="0"/><counter type="METHOD" missed="1" covered="0"/></method><method name="getInstance" desc="()Lorg/argouml/language/sql/GeneratorSql;" line="178"><counter type="INSTRUCTION" missed="2" covered="0"/><counter type="LINE" missed="1" covered="0"/><counter type="COMPLEXITY" missed="1" covered="0"/><counter type="METHOD" missed="1" covered="0"/></method><method name="generate" desc="(Ljava/util/Collection;Z)Ljava/util/Collection;" line="197"><counter type="INSTRUCTION" missed="32" covered="0"/><counter type="BRANCH" missed="4" covered="0"/><counter type="LINE" missed="10" covered="0"/><counter type="COMPLEXITY" missed="3" covered="0"/><counter type="METHOD" missed="1" covered="0"/></method><method name="getTableDefinition" desc="(Ljava/lang/Object;)Lorg/argouml/language/sql/TableDefinition;" line="215"><counter type="INSTRUCTION" missed="92" covered="0"/><counter type="BRANCH" missed="10" covered="0"/><counter type="LINE" missed="25" covered="0"/><counter type="COMPLEXITY" missed="6" covered="0"/><counter type="METHOD" missed="1" covered="0"/></method><method name="setNullable" desc="(Lorg/argouml/language/sql/TableDefinition;Ljava/util/List;Z)V" line="255"><counter type="INSTRUCTION" missed="18" covered="0"/><counter type="BRANCH" missed="2" covered="0"/><counter type="LINE" missed="5" covered="0"/><counter type="COMPLEXITY" missed="2" covered="0"/><counter type="METHOD" missed="1" covered="0"/></method><method name="generateCode" desc="(Ljava/util/Collection;)Ljava/lang/String;" line="262"><counter type="INSTRUCTION" missed="152" covered="0"/><counter type="BRANCH" missed="18" covered="0"/><counter type="LINE" missed="30" covered="0"/><counter type="COMPLEXITY" missed="10" covered="0"/><counter type="METHOD" missed="1" covered="0"/></method><method name="generateFiles" desc="(Ljava/util/Collection;Ljava/lang/String;Z)Ljava/util/Collection;" line="327"><counter type="INSTRUCTION" missed="83" covered="0"/><counter type="BRANCH" missed="8" covered="0"/><counter type="LINE" missed="21" covered="0"/><counter type="COMPLEXITY" missed="5" covered="0"/><counter type="METHOD" missed="1" covered="0"/></method><method name="writeFile" desc="(Ljava/lang/String;Ljava/lang/String;)V" line="357"><counter type="INSTRUCTION" missed="58" covered="0"/><counter type="BRANCH" missed="6" covered="0"/><counter type="LINE" missed="15" covered="0"/><counter type="COMPLEXITY" missed="4" covered="0"/><counter type="METHOD" missed="1" covered="0"/></method><method name="getForeignKeyDefinitions" desc="(Ljava/lang/Object;)Ljava/util/Collection;" line="381"><counter type="INSTRUCTION" missed="38" covered="0"/><counter type="BRANCH" missed="4" covered="0"/><counter type="LINE" missed="10" covered="0"/><counter type="COMPLEXITY" missed="3" covered="0"/><counter type="METHOD" missed="1" covered="0"/></method><method name="getFkDef" desc="(Ljava/lang/Object;Ljava/lang/Object;Ljava/lang/Object;)Lorg/argouml/language/sql/ForeignKeyDefinition;" line="402"><counter type="INSTRUCTION" missed="141" covered="0"/><counter type="BRANCH" missed="10" covered="0"/><counter type="LINE" missed="37" covered="0"/><counter type="COMPLEXITY" missed="6" covered="0"/><counter type="METHOD" missed="1" covered="0"/></method><method name="generateFileList" desc="(Ljava/util/Collection;Z)Ljava/util/Collection;" line="478"><counter type="INSTRUCTION" missed="10" covered="0"/><counter type="LINE" missed="3" covered="0"/><counter type="COMPLEXITY" missed="1" covered="0"/><counter type="METHOD" missed="1" covered="0"/></method><method name="getSqlCodeCreators" desc="()Ljava/util/List;" line="487"><counter type="INSTRUCTION" missed="10" covered="0"/><counter type="BRANCH" missed="2" covered="0"/><counter type="LINE" missed="3" covered="0"/><counter type="COMPLEXITY" missed="2" covered="0"/><counter type="METHOD" missed="1" covered="0"/></method><method name="getDomainMapper" desc="()Lorg/argouml/language/sql/DomainMapper;" line="498"><counter type="INSTRUCTION" missed="3" covered="0"/><counter type="LINE" missed="1" covered="0"/><counter type="COMPLEXITY" missed="1" covered="0"/><counter type="METHOD" missed="1" covered="0"/></method><method name="setSqlCodeCreator" desc="(Lorg/argouml/language/sql/SqlCodeCreator;)V" line="509"><counter type="INSTRUCTION" missed="4" covered="0"/><counter type="LINE" missed="2" covered="0"/><counter type="COMPLEXITY" missed="1" covered="0"/><counter type="METHOD" missed="1" covered="0"/></method><method name="&lt;clinit&gt;" desc="()V" line="72"><counter type="INSTRUCTION" missed="11" covered="0"/><counter type="LINE" missed="3" covered="0"/><counter type="COMPLEXITY" missed="1" covered="0"/><counter type="METHOD" missed="1" covered="0"/></method><counter type="INSTRUCTION" missed="722" covered="0"/><counter type="BRANCH" missed="66" covered="0"/><counter type="LINE" missed="184" covered="0"/><counter type="COMPLEXITY" missed="49" covered="0"/><counter type="METHOD" missed="16" covered="0"/><counter type="CLASS" missed="1" covered="0"/></class><class name="org/argouml/language/sql/SqlInit" sourcefilename="SqlInit.java"><method name="&lt;init&gt;" desc="()V" line="52"><counter type="INSTRUCTION" missed="3" covered="0"/><counter type="LINE" missed="1" covered="0"/><counter type="COMPLEXITY" missed="1" covered="0"/><counter type="METHOD" missed="1" covered="0"/></method><method name="enable" desc="()Z" line="80"><counter type="INSTRUCTION" missed="11" covered="0"/><counter type="LINE" missed="4" covered="0"/><counter type="COMPLEXITY" missed="1" covered="0"/><counter type="METHOD" missed="1" covered="0"/></method><method name="disable" desc="()Z" line="98"><counter type="INSTRUCTION" missed="6" covered="0"/><counter type="LINE" missed="2" covered="0"/><counter type="COMPLEXITY" missed="1" covered="0"/><counter type="METHOD" missed="1" covered="0"/></method><method name="getInfo" desc="(I)Ljava/lang/String;" line="140"><counter type="INSTRUCTION" missed="10" covered="0"/><counter type="BRANCH" missed="4" covered="0"/><counter type="LINE" missed="5" covered="0"/><counter type="COMPLEXITY" missed="4" covered="0"/><counter type="METHOD" missed="1" covered="0"/></method><method name="getName" desc="()Ljava/lang/String;" line="167"><counter type="INSTRUCTION" missed="2" covered="0"/><counter type="LINE" missed="1" covered="0"/><counter type="COMPLEXITY" missed="1" covered="0"/><counter type="METHOD" missed="1" covered="0"/></method><method name="&lt;clinit&gt;" desc="()V" line="62"><counter type="INSTRUCTION" missed="6" covered="0"/><counter type="LINE" missed="2" covered="0"/><counter type="COMPLEXITY" missed="1" covered="0"/><counter type="METHOD" missed="1" covered="0"/></method><counter type="INSTRUCTION" missed="38" covered="0"/><counter type="BRANCH" missed="4" covered="0"/><counter type="LINE" missed="15" covered="0"/><counter type="COMPLEXITY" missed="9" covered="0"/><counter type="METHOD" missed="6" covered="0"/><counter type="CLASS" missed="1" covered="0"/></class><class name="org/argouml/language/sql/Utils" sourcefilename="Utils.java"><method name="getAssociationForName" desc="(Ljava/lang/Object;Ljava/lang/String;)Ljava/lang/Object;" line="62"><counter type="INSTRUCTION" missed="18" covered="14"/><counter type="BRANCH" missed="3" covered="1"/><counter type="LINE" missed="6" covered="4"/><counter type="COMPLEXITY" missed="2" covered="1"/><counter type="METHOD" missed="0" covered="1"/></method><method name="getAttributeForName" desc="(Ljava/lang/Object;Ljava/lang/String;)Ljava/lang/Object;" line="90"><counter type="INSTRUCTION" missed="0" covered="27"/><counter type="BRANCH" missed="0" covered="4"/><counter type="LINE" missed="0" covered="9"/><counter type="COMPLEXITY" missed="0" covered="3"/><counter type="METHOD" missed="0" covered="1"/></method><method name="getFkAttributes" desc="(Ljava/lang/Object;Ljava/lang/Object;)Ljava/util/List;" line="116"><counter type="INSTRUCTION" missed="37" covered="0"/><counter type="BRANCH" missed="4" covered="0"/><counter type="LINE" missed="11" covered="0"/><counter type="COMPLEXITY" missed="3" covered="0"/><counter type="METHOD" missed="1" covered="0"/></method><method name="getPrimaryKeyAttributes" desc="(Ljava/lang/Object;)Ljava/util/List;" line="143"><counter type="INSTRUCTION" missed="0" covered="27"/><counter type="BRANCH" missed="0" covered="4"/><counter type="LINE" missed="0" covered="8"/><counter type="COMPLEXITY" missed="0" covered="3"/><counter type="METHOD" missed="0" covered="1"/></method><method name="isFk" desc="(Ljava/lang/Object;)Z" line="169"><counter type="INSTRUCTION" missed="0" covered="5"/><counter type="LINE" missed="0" covered="1"/><counter type="COMPLEXITY" missed="0" covered="1"/><counter type="METHOD" missed="0" covered="1"/></method><method name="isPk" desc="(Ljava/lang/Object;)Z" line="185"><counter type="INSTRUCTION" missed="0" covered="5"/><counter type="LINE" missed="0" covered="1"/><counter type="COMPLEXITY" missed="0" covered="1"/><counter type="METHOD" missed="0" covered="1"/></method><method name="isAutoIncrement" desc="(Ljava/lang/Object;)Z" line="201"><counter type="INSTRUCTION" missed="5" covered="0"/><counter type="LINE" missed="1" covered="0"/><counter type="COMPLEXITY" missed="1" covered="0"/><counter type="METHOD" missed="1" covered="0"/></method><method name="isNotNull" desc="(Ljava/lang/Object;)Z" line="216"><counter type="INSTRUCTION" missed="5" covered="0"/><counter type="LINE" missed="1" covered="0"/><counter type="COMPLEXITY" missed="1" covered="0"/><counter type="METHOD" missed="1" covered="0"/></method><method name="isNull" desc="(Ljava/lang/Object;)Z" line="230"><counter type="INSTRUCTION" missed="5" covered="0"/><counter type="LINE" missed="1" covered="0"/><counter type="COMPLEXITY" missed="1" covered="0"/><counter type="METHOD" missed="1" covered="0"/></method><method name="getSourceAttribute" desc="(Ljava/lang/Object;Ljava/lang/Object;)Ljava/lang/Object;" line="246"><counter type="INSTRUCTION" missed="0" covered="39"/><counter type="BRANCH" missed="0" covered="6"/><counter type="LINE" missed="0" covered="12"/><counter type="COMPLEXITY" missed="0" covered="4"/><counter type="METHOD" missed="0" covered="1"/></method><method name="stringsToString" desc="(Ljava/util/List;Ljava/lang/String;)Ljava/lang/String;" line="274"><counter type="INSTRUCTION" missed="0" covered="29"/><counter type="BRANCH" missed="0" covered="4"/><counter type="LINE" missed="0" covered="9"/><counter type="COMPLEXITY" missed="0" covered="3"/><counter type="METHOD" missed="0" covered="1"/></method><method name="stringsToCommaString" desc="(Ljava/util/List;)Ljava/lang/String;" line="294"><counter type="INSTRUCTION" missed="0" covered="4"/><counter type="LINE" missed="0" covered="1"/><counter type="COMPLEXITY" missed="0" covered="1"/><counter type="METHOD" missed="0" covered="1"/></method><method name="stringToStringList" desc="(Ljava/lang/String;Ljava/lang/String;)Ljava/util/List;" line="316"><counter type="INSTRUCTION" missed="0" covered="21"/><counter type="BRANCH" missed="0" covered="2"/><counter type="LINE" missed="0" covered="5"/><counter type="COMPLEXITY" missed="0" covered="2"/><counter type="METHOD" missed="0" covered="1"/></method><method name="stringToStringList" desc="(Ljava/lang/String;)Ljava/util/List;" line="335"><counter type="INSTRUCTION" missed="0" covered="20"/><counter type="BRANCH" missed="0" covered="2"/><counter type="LINE" missed="0" covered="5"/><counter type="COMPLEXITY" missed="0" covered="2"/><counter type="METHOD" missed="0" covered="1"/></method><method name="getShortName" desc="(Ljava/lang/String;I)Ljava/lang/String;" line="353"><counter type="INSTRUCTION" missed="53" covered="35"/><counter type="BRANCH" missed="8" covered="2"/><counter type="LINE" missed="12" covered="5"/><counter type="COMPLEXITY" missed="5" covered="1"/><counter type="METHOD" missed="0" covered="1"/></method><method name="getModuleRoot" desc="()Ljava/lang/String;" line="396"><counter type="INSTRUCTION" missed="72" covered="0"/><counter type="BRANCH" missed="6" covered="0"/><counter type="LINE" missed="14" covered="0"/><counter type="COMPLEXITY" missed="4" covered="0"/><counter type="METHOD" missed="1" covered="0"/></method><counter type="INSTRUCTION" missed="195" covered="226"/><counter type="BRANCH" missed="21" covered="25"/><counter type="LINE" missed="46" covered="60"/><counter type="COMPLEXITY" missed="17" covered="22"/><counter type="METHOD" missed="5" covered="11"/><counter type="CLASS" missed="0" covered="1"/></class><class name="org/argouml/language/sql/IndexDefinition" sourcefilename="IndexDefinition.java"><method name="&lt;init&gt;" desc="()V" line="50"><counter type="INSTRUCTION" missed="3" covered="0"/><counter type="LINE" missed="1" covered="0"/><counter type="COMPLEXITY" missed="1" covered="0"/><counter type="METHOD" missed="1" covered="0"/></method><method name="getColumnNames" desc="()Ljava/util/List;" line="60"><counter type="INSTRUCTION" missed="3" covered="0"/><counter type="LINE" missed="1" covered="0"/><counter type="COMPLEXITY" missed="1" covered="0"/><counter type="METHOD" missed="1" covered="0"/></method><method name="setColumnNames" desc="(Ljava/util/List;)V" line="64"><counter type="INSTRUCTION" missed="4" covered="0"/><counter type="LINE" missed="2" covered="0"/><counter type="COMPLEXITY" missed="1" covered="0"/><counter type="METHOD" missed="1" covered="0"/></method><method name="isDescending" desc="()Z" line="68"><counter type="INSTRUCTION" missed="3" covered="0"/><counter type="LINE" missed="1" covered="0"/><counter type="COMPLEXITY" missed="1" covered="0"/><counter type="METHOD" missed="1" covered="0"/></method><method name="setDescending" desc="(Z)V" line="72"><counter type="INSTRUCTION" missed="4" covered="0"/><counter type="LINE" missed="2" covered="0"/><counter type="COMPLEXITY" missed="1" covered="0"/><counter type="METHOD" missed="1" covered="0"/></method><method name="getIndexName" desc="()Ljava/lang/String;" line="76"><counter type="INSTRUCTION" missed="3" covered="0"/><counter type="LINE" missed="1" covered="0"/><counter type="COMPLEXITY" missed="1" covered="0"/><counter type="METHOD" missed="1" covered="0"/></method><method name="setIndexName" desc="(Ljava/lang/String;)V" line="80"><counter type="INSTRUCTION" missed="4" covered="0"/><counter type="LINE" missed="2" covered="0"/><counter type="COMPLEXITY" missed="1" covered="0"/><counter type="METHOD" missed="1" covered="0"/></method><method name="getTableName" desc="()Ljava/lang/String;" line="84"><counter type="INSTRUCTION" missed="3" covered="0"/><counter type="LINE" missed="1" covered="0"/><counter type="COMPLEXITY" missed="1" covered="0"/><counter type="METHOD" missed="1" covered="0"/></method><method name="setTableName" desc="(Ljava/lang/String;)V" line="88"><counter type="INSTRUCTION" missed="4" covered="0"/><counter type="LINE" missed="2" covered="0"/><counter type="COMPLEXITY" missed="1" covered="0"/><counter type="METHOD" missed="1" covered="0"/></method><counter type="INSTRUCTION" missed="31" covered="0"/><counter type="LINE" missed="13" covered="0"/><counter type="COMPLEXITY" missed="9" covered="0"/><counter type="METHOD" missed="9" covered="0"/><counter type="CLASS" missed="1" covered="0"/></class><sourcefile name="SqlCodeCreator.java"/><sourcefile name="TableDefinition.java"><line nr="70" mi="0" ci="2" mb="0" cb="0"/><line nr="71" mi="0" ci="5" mb="0" cb="0"/><line nr="72" mi="0" ci="5" mb="0" cb="0"/><line nr="73" mi="0" ci="5" mb="0" cb="0"/><line nr="74" mi="0" ci="5" mb="0" cb="0"/><line nr="75" mi="0" ci="1" mb="0" cb="0"/><line nr="81" mi="0" ci="3" mb="0" cb="0"/><line nr="91" mi="0" ci="5" mb="0" cb="0"/><line nr="92" mi="0" ci="7" mb="0" cb="0"/><line nr="93" mi="0" ci="1" mb="0" cb="0"/><line nr="102" mi="0" ci="5" mb="0" cb="0"/><line nr="103" mi="0" ci="1" mb="0" cb="0"/><line nr="109" mi="0" ci="3" mb="0" cb="0"/><line nr="117" mi="0" ci="3" mb="0" cb="0"/><line nr="118" mi="0" ci="1" mb="0" cb="0"/><line nr="121" mi="3" ci="0" mb="0" cb="0"/><line nr="125" mi="3" ci="0" mb="0" cb="0"/><line nr="126" mi="1" ci="0" mb="0" cb="0"/><line nr="132" mi="0" ci="3" mb="0" cb="0"/><line nr="145" mi="6" ci="0" mb="0" cb="0"/><line nr="150" mi="3" ci="0" mb="0" cb="0"/><line nr="154" mi="5" ci="0" mb="0" cb="0"/><line nr="155" mi="1" ci="0" mb="0" cb="0"/><counter type="INSTRUCTION" missed="22" covered="55"/><counter type="LINE" missed="7" covered="16"/><counter type="COMPLEXITY" missed="5" covered="7"/><counter type="METHOD" missed="5" covered="7"/><counter type="CLASS" missed="0" covered="1"/></sourcefile><sourcefile name="MySqlCodeCreator.java"><line nr="17" mi="3" ci="0" mb="0" cb="0"/><line nr="18" mi="2" ci="0" mb="0" cb="0"/><line nr="19" mi="2" ci="0" mb="0" cb="0"/><line nr="32" mi="3" ci="0" mb="0" cb="0"/><line nr="33" mi="3" ci="0" mb="0" cb="0"/><line nr="34" mi="1" ci="0" mb="0" cb="0"/><line nr="35" mi="2" ci="0" mb="0" cb="0"/><line nr="36" mi="1" ci="0" mb="0" cb="0"/><line nr="37" mi="2" ci="0" mb="0" cb="0"/><line nr="38" mi="3" ci="0" mb="0" cb="0"/><line nr="40" mi="4" ci="0" mb="0" cb="0"/><line nr="41" mi="6" ci="0" mb="0" cb="0"/><line nr="42" mi="6" ci="0" mb="0" cb="0"/><line nr="43" mi="8" ci="0" mb="0" cb="0"/><line nr="44" mi="5" ci="0" mb="0" cb="0"/><line nr="45" mi="8" ci="0" mb="0" cb="0"/><line nr="46" mi="5" ci="0" mb="0" cb="0"/><line nr="47" mi="6" ci="0" mb="0" cb="0"/><line nr="49" mi="3" ci="0" mb="0" cb="0"/><line nr="63" mi="4" ci="0" mb="0" cb="0"/><line nr="64" mi="4" ci="0" mb="0" cb="0"/><line nr="65" mi="5" ci="0" mb="0" cb="0"/><line nr="66" mi="6" ci="0" mb="0" cb="0"/><line nr="68" mi="4" ci="0" mb="0" cb="0"/><line nr="69" mi="3" ci="0" mb="2" cb="0"/><line nr="70" mi="4" ci="0" mb="0" cb="0"/><line nr="71" mi="9" ci="0" mb="0" cb="0"/><line nr="72" mi="5" ci="0" mb="0" cb="0"/><line nr="73" mi="3" ci="0" mb="0" cb="0"/><line nr="74" mi="2" ci="0" mb="2" cb="0"/><line nr="75" mi="4" ci="0" mb="2" cb="0"/><line nr="76" mi="7" ci="0" mb="0" cb="0"/><line nr="77" mi="4" ci="0" mb="2" cb="0"/><line nr="78" mi="6" ci="0" mb="0" cb="0"/><line nr="81" mi="3" ci="0" mb="0" cb="0"/><line nr="82" mi="2" ci="0" mb="2" cb="0"/><line nr="83" mi="4" ci="0" mb="2" cb="0"/><line nr="84" mi="4" ci="0" mb="0" cb="0"/><line nr="87" mi="6" ci="0" mb="0" cb="0"/><line nr="88" mi="3" ci="0" mb="2" cb="0"/><line nr="89" mi="9" ci="0" mb="0" cb="0"/><line nr="91" mi="1" ci="0" mb="0" cb="0"/><line nr="93" mi="4" ci="0" mb="0" cb="0"/><line nr="94" mi="4" ci="0" mb="0" cb="0"/><line nr="95" mi="3" ci="0" mb="2" cb="0"/><line nr="96" mi="4" ci="0" mb="0" cb="0"/><line nr="97" mi="3" ci="0" mb="2" cb="0"/><line nr="98" mi="4" ci="0" mb="0" cb="0"/><line nr="100" mi="4" ci="0" mb="0" cb="0"/><line nr="101" mi="1" ci="0" mb="0" cb="0"/><line nr="103" mi="4" ci="0" mb="0" cb="0"/><line nr="104" mi="4" ci="0" mb="0" cb="0"/><line nr="105" mi="6" ci="0" mb="0" cb="0"/><line nr="107" mi="6" ci="0" mb="0" cb="0"/><line nr="109" mi="6" ci="0" mb="0" cb="0"/><line nr="111" mi="3" ci="0" mb="0" cb="0"/><line nr="115" mi="2" ci="0" mb="0" cb="0"/><counter type="INSTRUCTION" missed="233" covered="0"/><counter type="BRANCH" missed="18" covered="0"/><counter type="LINE" missed="57" covered="0"/><counter type="COMPLEXITY" missed="14" covered="0"/><counter type="METHOD" missed="5" covered="0"/><counter type="CLASS" missed="1" covered="0"/></sourcefile><sourcefile name="ForeignKeyDefinition.java"><line nr="73" mi="0" ci="2" mb="0" cb="0"/><line nr="74" mi="0" ci="5" mb="0" cb="0"/><line nr="75" mi="0" ci="5" mb="0" cb="0"/><line nr="76" mi="0" ci="1" mb="0" cb="0"/><line nr="79" mi="2" ci="0" mb="0" cb="0"/><line nr="80" mi="3" ci="0" mb="0" cb="0"/><line nr="81" mi="4" ci="0" mb="0" cb="0"/><line nr="82" mi="1" ci="0" mb="0" cb="0"/><line nr="88" mi="0" ci="4" mb="0" cb="0"/><line nr="89" mi="0" ci="7" mb="0" cb="2"/><line nr="90" mi="0" ci="4" mb="0" cb="0"/><line nr="91" mi="0" ci="5" mb="0" cb="0"/><line nr="92" mi="0" ci="1" mb="0" cb="0"/><line nr="93" mi="0" ci="2" mb="0" cb="0"/><line nr="103" mi="0" ci="5" mb="0" cb="0"/><line nr="104" mi="0" ci="1" mb="0" cb="0"/><line nr="111" mi="5" ci="0" mb="0" cb="0"/><line nr="113" mi="2" ci="0" mb="2" cb="0"/><line nr="114" mi="7" ci="0" mb="0" cb="0"/><line nr="116" mi="5" ci="0" mb="0" cb="0"/><line nr="117" mi="1" ci="0" mb="0" cb="0"/><line nr="123" mi="0" ci="4" mb="0" cb="0"/><line nr="124" mi="0" ci="11" mb="0" cb="2"/><line nr="125" mi="0" ci="5" mb="0" cb="0"/><line nr="126" mi="0" ci="1" mb="0" cb="0"/><line nr="127" mi="0" ci="2" mb="0" cb="0"/><line nr="137" mi="0" ci="5" mb="0" cb="0"/><line nr="138" mi="0" ci="1" mb="0" cb="0"/><line nr="147" mi="5" ci="0" mb="0" cb="0"/><line nr="149" mi="2" ci="0" mb="2" cb="0"/><line nr="150" mi="7" ci="0" mb="0" cb="0"/><line nr="152" mi="5" ci="0" mb="0" cb="0"/><line nr="153" mi="1" ci="0" mb="0" cb="0"/><line nr="159" mi="3" ci="0" mb="0" cb="0"/><line nr="166" mi="0" ci="3" mb="0" cb="0"/><line nr="173" mi="3" ci="0" mb="0" cb="0"/><line nr="180" mi="3" ci="0" mb="0" cb="0"/><line nr="189" mi="2" ci="0" mb="0" cb="0"/><line nr="191" mi="11" ci="0" mb="2" cb="0"/><line nr="192" mi="5" ci="0" mb="2" cb="0"/><line nr="193" mi="2" ci="0" mb="0" cb="0"/><line nr="194" mi="1" ci="0" mb="0" cb="0"/><line nr="196" mi="1" ci="0" mb="0" cb="0"/><line nr="198" mi="2" ci="0" mb="0" cb="0"/><line nr="205" mi="0" ci="3" mb="0" cb="0"/><line nr="212" mi="3" ci="0" mb="0" cb="0"/><line nr="219" mi="3" ci="0" mb="0" cb="0"/><line nr="226" mi="0" ci="3" mb="0" cb="0"/><line nr="233" mi="0" ci="3" mb="0" cb="0"/><line nr="240" mi="0" ci="4" mb="0" cb="0"/><line nr="247" mi="0" ci="4" mb="0" cb="0"/><line nr="255" mi="0" ci="3" mb="0" cb="0"/><line nr="256" mi="0" ci="1" mb="0" cb="0"/><line nr="263" mi="0" ci="3" mb="0" cb="0"/><line nr="264" mi="0" ci="1" mb="0" cb="0"/><line nr="271" mi="0" ci="3" mb="0" cb="0"/><line nr="272" mi="0" ci="1" mb="0" cb="0"/><line nr="279" mi="0" ci="3" mb="0" cb="0"/><line nr="280" mi="0" ci="1" mb="0" cb="0"/><line nr="287" mi="0" ci="3" mb="0" cb="0"/><line nr="288" mi="0" ci="1" mb="0" cb="0"/><line nr="295" mi="0" ci="3" mb="0" cb="0"/><line nr="296" mi="0" ci="1" mb="0" cb="0"/><line nr="303" mi="0" ci="3" mb="0" cb="0"/><line nr="304" mi="0" ci="1" mb="0" cb="0"/><counter type="INSTRUCTION" missed="89" covered="119"/><counter type="BRANCH" missed="8" covered="4"/><counter type="LINE" missed="26" covered="39"/><counter type="COMPLEXITY" missed="13" covered="20"/><counter type="METHOD" missed="9" covered="18"/><counter type="CLASS" missed="0" covered="1"/></sourcefile><sourcefile name="DomainMapper.java"><line nr="83" mi="4" ci="0" mb="0" cb="0"/><line nr="100" mi="4" ci="0" mb="0" cb="0"/><line nr="106" mi="2" ci="0" mb="0" cb="0"/><line nr="107" mi="5" ci="0" mb="0" cb="0"/><line nr="109" mi="2" ci="0" mb="0" cb="0"/><line nr="110" mi="1" ci="0" mb="0" cb="0"/><line nr="118" mi="4" ci="0" mb="0" cb="0"/><line nr="119" mi="1" ci="0" mb="0" cb="0"/><line nr="136" mi="4" ci="0" mb="0" cb="0"/><line nr="137" mi="2" ci="0" mb="0" cb="0"/><line nr="138" mi="2" ci="0" mb="2" cb="0"/><line nr="139" mi="5" ci="0" mb="0" cb="0"/><line nr="140" mi="2" ci="0" mb="2" cb="0"/><line nr="141" mi="2" ci="0" mb="0" cb="0"/><line nr="145" mi="2" ci="0" mb="0" cb="0"/><line nr="149" mi="6" ci="0" mb="0" cb="0"/><line nr="150" mi="2" ci="0" mb="2" cb="0"/><line nr="151" mi="5" ci="0" mb="0" cb="0"/><line nr="152" mi="6" ci="0" mb="0" cb="0"/><line nr="154" mi="2" ci="0" mb="0" cb="0"/><line nr="163" mi="5" ci="0" mb="0" cb="0"/><line nr="168" mi="3" ci="0" mb="0" cb="0"/><line nr="169" mi="5" ci="0" mb="0" cb="0"/><line nr="170" mi="4" ci="0" mb="2" cb="0"/><line nr="172" mi="7" ci="0" mb="0" cb="0"/><line nr="173" mi="3" ci="0" mb="0" cb="0"/><line nr="174" mi="1" ci="0" mb="0" cb="0"/><line nr="175" mi="4" ci="0" mb="0" cb="0"/><line nr="176" mi="1" ci="0" mb="0" cb="0"/><line nr="177" mi="4" ci="0" mb="0" cb="0"/><line nr="178" mi="1" ci="0" mb="0" cb="0"/><line nr="179" mi="4" ci="0" mb="0" cb="0"/><line nr="180" mi="3" ci="0" mb="0" cb="0"/><line nr="182" mi="2" ci="0" mb="0" cb="0"/><line nr="194" mi="2" ci="0" mb="0" cb="0"/><line nr="196" mi="3" ci="0" mb="0" cb="0"/><line nr="197" mi="5" ci="0" mb="0" cb="0"/><line nr="198" mi="3" ci="0" mb="0" cb="0"/><line nr="199" mi="3" ci="0" mb="0" cb="0"/><line nr="201" mi="8" ci="0" mb="2" cb="0"/><line nr="202" mi="4" ci="0" mb="0" cb="0"/><line nr="203" mi="4" ci="0" mb="2" cb="0"/><line nr="204" mi="1" ci="0" mb="0" cb="0"/><line nr="207" mi="3" ci="0" mb="0" cb="0"/><line nr="208" mi="5" ci="0" mb="0" cb="0"/><line nr="210" mi="4" ci="0" mb="0" cb="0"/><line nr="211" mi="5" ci="0" mb="0" cb="0"/><line nr="213" mi="1" ci="0" mb="0" cb="0"/><line nr="214" mi="4" ci="0" mb="0" cb="0"/><line nr="215" mi="1" ci="0" mb="0" cb="0"/><line nr="216" mi="4" ci="0" mb="0" cb="0"/><line nr="217" mi="1" ci="0" mb="0" cb="0"/><line nr="218" mi="4" ci="0" mb="0" cb="0"/><line nr="219" mi="3" ci="0" mb="0" cb="0"/><line nr="220" mi="1" ci="0" mb="0" cb="0"/><line nr="229" mi="5" ci="0" mb="0" cb="0"/><line nr="231" mi="3" ci="0" mb="0" cb="0"/><line nr="232" mi="3" ci="0" mb="0" cb="0"/><line nr="233" mi="3" ci="0" mb="0" cb="0"/><line nr="234" mi="3" ci="0" mb="0" cb="0"/><line nr="236" mi="3" ci="0" mb="0" cb="0"/><line nr="237" mi="4" ci="0" mb="0" cb="0"/><line nr="238" mi="6" ci="0" mb="2" cb="0"/><line nr="239" mi="4" ci="0" mb="0" cb="0"/><line nr="240" mi="4" ci="0" mb="0" cb="0"/><line nr="241" mi="4" ci="0" mb="0" cb="0"/><line nr="243" mi="4" ci="0" mb="0" cb="0"/><line nr="244" mi="5" ci="0" mb="0" cb="0"/><line nr="245" mi="4" ci="0" mb="0" cb="0"/><line nr="246" mi="4" ci="0" mb="0" cb="0"/><line nr="247" mi="6" ci="0" mb="0" cb="0"/><line nr="248" mi="4" ci="0" mb="0" cb="0"/><line nr="250" mi="4" ci="0" mb="0" cb="0"/><line nr="252" mi="3" ci="0" mb="0" cb="0"/><line nr="253" mi="1" ci="0" mb="0" cb="0"/><line nr="255" mi="3" ci="0" mb="0" cb="0"/><line nr="256" mi="2" ci="0" mb="0" cb="0"/><line nr="257" mi="1" ci="0" mb="0" cb="0"/><line nr="258" mi="4" ci="0" mb="0" cb="0"/><line nr="259" mi="1" ci="0" mb="0" cb="0"/><line nr="261" mi="4" ci="0" mb="0" cb="0"/><line nr="262" mi="1" ci="0" mb="0" cb="0"/><line nr="277" mi="4" ci="0" mb="0" cb="0"/><line nr="278" mi="5" ci="0" mb="0" cb="0"/><line nr="279" mi="1" ci="0" mb="0" cb="0"/><line nr="282" mi="8" ci="0" mb="2" cb="0"/><line nr="283" mi="4" ci="0" mb="0" cb="0"/><line nr="284" mi="4" ci="0" mb="2" cb="0"/><line nr="285" mi="1" ci="0" mb="0" cb="0"/><line nr="288" mi="3" ci="0" mb="0" cb="0"/><line nr="289" mi="4" ci="0" mb="0" cb="0"/><line nr="290" mi="4" ci="0" mb="0" cb="0"/><line nr="291" mi="3" ci="0" mb="0" cb="0"/><line nr="292" mi="3" ci="0" mb="0" cb="0"/><line nr="294" mi="5" ci="0" mb="0" cb="0"/><line nr="296" mi="1" ci="0" mb="0" cb="0"/><line nr="299" mi="3" ci="0" mb="0" cb="0"/><line nr="300" mi="11" ci="0" mb="0" cb="0"/><line nr="301" mi="3" ci="0" mb="0" cb="0"/><line nr="302" mi="6" ci="0" mb="2" cb="0"/><line nr="303" mi="4" ci="0" mb="0" cb="0"/><line nr="304" mi="4" ci="0" mb="0" cb="0"/><line nr="305" mi="4" ci="0" mb="0" cb="0"/><line nr="307" mi="4" ci="0" mb="0" cb="0"/><line nr="308" mi="5" ci="0" mb="0" cb="0"/><line nr="309" mi="4" ci="0" mb="0" cb="0"/><line nr="310" mi="4" ci="0" mb="0" cb="0"/><line nr="311" mi="4" ci="0" mb="0" cb="0"/><line nr="312" mi="4" ci="0" mb="0" cb="0"/><line nr="313" mi="6" ci="0" mb="0" cb="0"/><line nr="315" mi="4" ci="0" mb="0" cb="0"/><line nr="316" mi="1" ci="0" mb="0" cb="0"/><line nr="317" mi="3" ci="0" mb="0" cb="0"/><line nr="318" mi="1" ci="0" mb="0" cb="0"/><counter type="INSTRUCTION" missed="397" covered="0"/><counter type="BRANCH" missed="20" covered="0"/><counter type="LINE" missed="114" covered="0"/><counter type="COMPLEXITY" missed="22" covered="0"/><counter type="METHOD" missed="12" covered="0"/><counter type="CLASS" missed="1" covered="0"/></sourcefile><sourcefile name="GeneratorSql.java"><line nr="72" mi="3" ci="0" mb="0" cb="0"/><line nr="118" mi="3" ci="0" mb="0" cb="0"/><line nr="123" mi="5" ci="0" mb="0" cb="0"/><line nr="134" mi="2" ci="0" mb="0" cb="0"/><line nr="135" mi="5" ci="0" mb="0" cb="0"/><line nr="136" mi="1" ci="0" mb="0" cb="0"/><line nr="139" mi="4" ci="0" mb="0" cb="0"/><line nr="151" mi="4" ci="0" mb="0" cb="0"/><line nr="156" mi="3" ci="0" mb="0" cb="0"/><line nr="157" mi="10" ci="0" mb="2" cb="0"/><line nr="159" mi="4" ci="0" mb="0" cb="0"/><line nr="160" mi="4" ci="0" mb="0" cb="0"/><line nr="163" mi="1" ci="0" mb="0" cb="0"/><line nr="164" mi="8" ci="0" mb="0" cb="0"/><line nr="165" mi="4" ci="0" mb="0" cb="0"/><line nr="166" mi="1" ci="0" mb="0" cb="0"/><line nr="167" mi="8" ci="0" mb="0" cb="0"/><line nr="168" mi="4" ci="0" mb="0" cb="0"/><line nr="169" mi="2" ci="0" mb="0" cb="0"/><line nr="170" mi="1" ci="0" mb="0" cb="0"/><line nr="171" mi="2" ci="0" mb="0" cb="0"/><line nr="178" mi="2" ci="0" mb="0" cb="0"/><line nr="197" mi="3" ci="0" mb="0" cb="0"/><line nr="198" mi="2" ci="0" mb="0" cb="0"/><line nr="200" mi="2" ci="0" mb="0" cb="0"/><line nr="201" mi="2" ci="0" mb="2" cb="0"/><line nr="202" mi="7" ci="0" mb="0" cb="0"/><line nr="203" mi="5" ci="0" mb="0" cb="0"/><line nr="205" mi="4" ci="0" mb="0" cb="0"/><line nr="207" mi="2" ci="0" mb="2" cb="0"/><line nr="208" mi="2" ci="0" mb="0" cb="0"/><line nr="210" mi="3" ci="0" mb="0" cb="0"/><line nr="215" mi="4" ci="0" mb="0" cb="0"/><line nr="216" mi="5" ci="0" mb="0" cb="0"/><line nr="218" mi="11" ci="0" mb="2" cb="0"/><line nr="219" mi="4" ci="0" mb="0" cb="0"/><line nr="220" mi="4" ci="0" mb="0" cb="0"/><line nr="221" mi="3" ci="0" mb="0" cb="0"/><line nr="223" mi="4" ci="0" mb="0" cb="0"/><line nr="224" mi="4" ci="0" mb="0" cb="0"/><line nr="225" mi="6" ci="0" mb="0" cb="0"/><line nr="226" mi="2" ci="0" mb="0" cb="0"/><line nr="227" mi="3" ci="0" mb="0" cb="0"/><line nr="229" mi="3" ci="0" mb="2" cb="0"/><line nr="230" mi="4" ci="0" mb="0" cb="0"/><line nr="231" mi="3" ci="0" mb="2" cb="0"/><line nr="232" mi="4" ci="0" mb="0" cb="0"/><line nr="234" mi="3" ci="0" mb="0" cb="0"/><line nr="236" mi="3" ci="0" mb="2" cb="0"/><line nr="237" mi="4" ci="0" mb="0" cb="0"/><line nr="239" mi="3" ci="0" mb="0" cb="0"/><line nr="242" mi="3" ci="0" mb="0" cb="0"/><line nr="244" mi="3" ci="0" mb="2" cb="0"/><line nr="245" mi="3" ci="0" mb="0" cb="0"/><line nr="246" mi="3" ci="0" mb="0" cb="0"/><line nr="248" mi="1" ci="0" mb="0" cb="0"/><line nr="250" mi="2" ci="0" mb="0" cb="0"/><line nr="255" mi="10" ci="0" mb="2" cb="0"/><line nr="256" mi="5" ci="0" mb="0" cb="0"/><line nr="257" mi="1" ci="0" mb="0" cb="0"/><line nr="258" mi="1" ci="0" mb="0" cb="0"/><line nr="259" mi="1" ci="0" mb="0" cb="0"/><line nr="262" mi="5" ci="0" mb="0" cb="0"/><line nr="263" mi="5" ci="0" mb="0" cb="0"/><line nr="265" mi="9" ci="0" mb="2" cb="0"/><line nr="266" mi="4" ci="0" mb="2" cb="0"/><line nr="267" mi="4" ci="0" mb="0" cb="0"/><line nr="268" mi="6" ci="0" mb="0" cb="0"/><line nr="270" mi="1" ci="0" mb="0" cb="0"/><line nr="272" mi="4" ci="0" mb="2" cb="0"/><line nr="273" mi="9" ci="0" mb="2" cb="0"/><line nr="274" mi="2" ci="0" mb="0" cb="0"/><line nr="275" mi="2" ci="0" mb="0" cb="0"/><line nr="276" mi="6" ci="0" mb="0" cb="0"/><line nr="277" mi="10" ci="0" mb="2" cb="0"/><line nr="278" mi="3" ci="0" mb="2" cb="0"/><line nr="279" mi="7" ci="0" mb="0" cb="0"/><line nr="281" mi="6" ci="0" mb="0" cb="0"/><line nr="283" mi="1" ci="0" mb="0" cb="0"/><line nr="284" mi="5" ci="0" mb="0" cb="0"/><line nr="285" mi="1" ci="0" mb="0" cb="0"/><line nr="288" mi="4" ci="0" mb="0" cb="0"/><line nr="289" mi="6" ci="0" mb="0" cb="0"/><line nr="290" mi="12" ci="0" mb="2" cb="0"/><line nr="291" mi="7" ci="0" mb="0" cb="0"/><line nr="292" mi="1" ci="0" mb="0" cb="0"/><line nr="294" mi="4" ci="0" mb="2" cb="0"/><line nr="295" mi="6" ci="0" mb="0" cb="0"/><line nr="296" mi="11" ci="0" mb="2" cb="0"/><line nr="297" mi="7" ci="0" mb="0" cb="0"/><line nr="298" mi="1" ci="0" mb="0" cb="0"/><line nr="301" mi="3" ci="0" mb="0" cb="0"/><line nr="327" mi="2" ci="0" mb="0" cb="0"/><line nr="328" mi="4" ci="0" mb="2" cb="0"/><line nr="329" mi="9" ci="0" mb="0" cb="0"/><line nr="332" mi="4" ci="0" mb="0" cb="0"/><line nr="333" mi="9" ci="0" mb="0" cb="0"/><line nr="335" mi="3" ci="0" mb="2" cb="0"/><line nr="336" mi="3" ci="0" mb="0" cb="0"/><line nr="337" mi="4" ci="0" mb="0" cb="0"/><line nr="338" mi="4" ci="0" mb="0" cb="0"/><line nr="339" mi="3" ci="0" mb="2" cb="0"/><line nr="340" mi="3" ci="0" mb="0" cb="0"/><line nr="341" mi="4" ci="0" mb="0" cb="0"/><line nr="343" mi="2" ci="0" mb="0" cb="0"/><line nr="344" mi="6" ci="0" mb="0" cb="0"/><line nr="345" mi="3" ci="0" mb="0" cb="0"/><line nr="346" mi="3" ci="0" mb="0" cb="0"/><line nr="347" mi="3" ci="0" mb="2" cb="0"/><line nr="348" mi="4" ci="0" mb="0" cb="0"/><line nr="349" mi="4" ci="0" mb="0" cb="0"/><line nr="350" mi="4" ci="0" mb="0" cb="0"/><line nr="353" mi="2" ci="0" mb="0" cb="0"/><line nr="357" mi="2" ci="0" mb="0" cb="0"/><line nr="359" mi="1" ci="0" mb="0" cb="0"/><line nr="360" mi="2" ci="0" mb="0" cb="0"/><line nr="361" mi="7" ci="0" mb="4" cb="0"/><line nr="362" mi="3" ci="0" mb="0" cb="0"/><line nr="364" mi="12" ci="0" mb="0" cb="0"/><line nr="366" mi="3" ci="0" mb="0" cb="0"/><line nr="367" mi="1" ci="0" mb="0" cb="0"/><line nr="368" mi="10" ci="0" mb="0" cb="0"/><line nr="371" mi="2" ci="0" mb="2" cb="0"/><line nr="372" mi="2" ci="0" mb="0" cb="0"/><line nr="374" mi="1" ci="0" mb="0" cb="0"/><line nr="375" mi="10" ci="0" mb="0" cb="0"/><line nr="376" mi="1" ci="0" mb="0" cb="0"/><line nr="378" mi="1" ci="0" mb="0" cb="0"/><line nr="381" mi="4" ci="0" mb="0" cb="0"/><line nr="384" mi="11" ci="0" mb="2" cb="0"/><line nr="386" mi="2" ci="0" mb="0" cb="0"/><line nr="387" mi="2" ci="0" mb="0" cb="0"/><line nr="388" mi="4" ci="0" mb="0" cb="0"/><line nr="390" mi="6" ci="0" mb="0" cb="0"/><line nr="392" mi="2" ci="0" mb="2" cb="0"/><line nr="393" mi="4" ci="0" mb="0" cb="0"/><line nr="395" mi="1" ci="0" mb="0" cb="0"/><line nr="397" mi="2" ci="0" mb="0" cb="0"/><line nr="402" mi="4" ci="0" mb="0" cb="0"/><line nr="403" mi="4" ci="0" mb="0" cb="0"/><line nr="404" mi="4" ci="0" mb="0" cb="0"/><line nr="405" mi="6" ci="0" mb="4" cb="0"/><line nr="406" mi="2" ci="0" mb="0" cb="0"/><line nr="408" mi="4" ci="0" mb="0" cb="0"/><line nr="410" mi="4" ci="0" mb="0" cb="0"/><line nr="412" mi="4" ci="0" mb="0" cb="0"/><line nr="413" mi="9" ci="0" mb="2" cb="0"/><line nr="414" mi="4" ci="0" mb="0" cb="0"/><line nr="415" mi="4" ci="0" mb="0" cb="0"/><line nr="416" mi="1" ci="0" mb="0" cb="0"/><line nr="419" mi="3" ci="0" mb="0" cb="0"/><line nr="420" mi="3" ci="0" mb="0" cb="0"/><line nr="421" mi="3" ci="0" mb="0" cb="0"/><line nr="422" mi="9" ci="0" mb="2" cb="0"/><line nr="425" mi="3" ci="0" mb="0" cb="0"/><line nr="426" mi="3" ci="0" mb="0" cb="0"/><line nr="427" mi="3" ci="0" mb="0" cb="0"/><line nr="428" mi="1" ci="0" mb="0" cb="0"/><line nr="431" mi="6" ci="0" mb="0" cb="0"/><line nr="432" mi="3" ci="0" mb="0" cb="0"/><line nr="433" mi="9" ci="0" mb="2" cb="0"/><line nr="436" mi="3" ci="0" mb="0" cb="0"/><line nr="437" mi="3" ci="0" mb="0" cb="0"/><line nr="438" mi="3" ci="0" mb="0" cb="0"/><line nr="439" mi="1" ci="0" mb="0" cb="0"/><line nr="441" mi="4" ci="0" mb="0" cb="0"/><line nr="442" mi="4" ci="0" mb="0" cb="0"/><line nr="443" mi="4" ci="0" mb="0" cb="0"/><line nr="444" mi="4" ci="0" mb="0" cb="0"/><line nr="446" mi="5" ci="0" mb="0" cb="0"/><line nr="454" mi="3" ci="0" mb="0" cb="0"/><line nr="455" mi="3" ci="0" mb="0" cb="0"/><line nr="456" mi="3" ci="0" mb="0" cb="0"/><line nr="457" mi="3" ci="0" mb="0" cb="0"/><line nr="459" mi="2" ci="0" mb="0" cb="0"/><line nr="478" mi="4" ci="0" mb="0" cb="0"/><line nr="479" mi="4" ci="0" mb="0" cb="0"/><line nr="480" mi="2" ci="0" mb="0" cb="0"/><line nr="487" mi="3" ci="0" mb="2" cb="0"/><line nr="488" mi="4" ci="0" mb="0" cb="0"/><line nr="490" mi="3" ci="0" mb="0" cb="0"/><line nr="498" mi="3" ci="0" mb="0" cb="0"/><line nr="509" mi="3" ci="0" mb="0" cb="0"/><line nr="510" mi="1" ci="0" mb="0" cb="0"/><counter type="INSTRUCTION" missed="722" covered="0"/><counter type="BRANCH" missed="66" covered="0"/><counter type="LINE" missed="184" covered="0"/><counter type="COMPLEXITY" missed="49" covered="0"/><counter type="METHOD" missed="16" covered="0"/><counter type="CLASS" missed="1" covered="0"/></sourcefile><sourcefile name="IndexDefinition.java"><line nr="50" mi="3" ci="0" mb="0" cb="0"/><line nr="60" mi="3" ci="0" mb="0" cb="0"/><line nr="64" mi="3" ci="0" mb="0" cb="0"/><line nr="65" mi="1" ci="0" mb="0" cb="0"/><line nr="68" mi="3" ci="0" mb="0" cb="0"/><line nr="72" mi="3" ci="0" mb="0" cb="0"/><line nr="73" mi="1" ci="0" mb="0" cb="0"/><line nr="76" mi="3" ci="0" mb="0" cb="0"/><line nr="80" mi="3" ci="0" mb="0" cb="0"/><line nr="81" mi="1" ci="0" mb="0" cb="0"/><line nr="84" mi="3" ci="0" mb="0" cb="0"/><line nr="88" mi="3" ci="0" mb="0" cb="0"/><line nr="89" mi="1" ci="0" mb="0" cb="0"/><counter type="INSTRUCTION" missed="31" covered="0"/><counter type="LINE" missed="13" covered="0"/><counter type="COMPLEXITY" missed="9" covered="0"/><counter type="METHOD" missed="9" covered="0"/><counter type="CLASS" missed="1" covered="0"/></sourcefile><sourcefile name="SqlCreatorLoader.java"><line nr="68" mi="3" ci="0" mb="0" cb="0"/><line nr="83" mi="4" ci="0" mb="0" cb="0"/><line nr="84" mi="3" ci="0" mb="0" cb="0"/><line nr="85" mi="3" ci="0" mb="2" cb="0"/><line nr="86" mi="4" ci="0" mb="0" cb="0"/><line nr="87" mi="3" ci="0" mb="0" cb="0"/><line nr="88" mi="4" ci="0" mb="2" cb="0"/><line nr="89" mi="8" ci="0" mb="0" cb="0"/><line nr="90" mi="5" ci="0" mb="0" cb="0"/><line nr="93" mi="6" ci="0" mb="0" cb="0"/><line nr="94" mi="1" ci="0" mb="0" cb="0"/><line nr="95" mi="10" ci="0" mb="0" cb="0"/><line nr="96" mi="1" ci="0" mb="0" cb="0"/><line nr="97" mi="10" ci="0" mb="0" cb="0"/><line nr="98" mi="1" ci="0" mb="0" cb="0"/><line nr="99" mi="13" ci="0" mb="0" cb="0"/><line nr="102" mi="1" ci="0" mb="0" cb="0"/><line nr="103" mi="11" ci="0" mb="0" cb="0"/><line nr="104" mi="4" ci="0" mb="0" cb="0"/><line nr="106" mi="1" ci="0" mb="0" cb="0"/><line nr="107" mi="2" ci="0" mb="0" cb="0"/><line nr="110" mi="4" ci="0" mb="0" cb="0"/><line nr="122" mi="4" ci="0" mb="0" cb="0"/><line nr="124" mi="3" ci="0" mb="2" cb="0"/><line nr="125" mi="2" ci="0" mb="0" cb="0"/><line nr="128" mi="17" ci="0" mb="2" cb="0"/><line nr="129" mi="3" ci="0" mb="2" cb="0"/><line nr="130" mi="7" ci="0" mb="0" cb="0"/><line nr="131" mi="5" ci="0" mb="2" cb="0"/><line nr="133" mi="5" ci="0" mb="0" cb="0"/><line nr="134" mi="7" ci="0" mb="0" cb="0"/><line nr="135" mi="7" ci="0" mb="0" cb="0"/><line nr="136" mi="7" ci="0" mb="0" cb="0"/><line nr="137" mi="1" ci="0" mb="0" cb="0"/><line nr="138" mi="4" ci="0" mb="0" cb="0"/><line nr="139" mi="2" ci="0" mb="0" cb="0"/><line nr="140" mi="5" ci="0" mb="2" cb="0"/><line nr="141" mi="3" ci="0" mb="0" cb="0"/><line nr="142" mi="7" ci="0" mb="0" cb="0"/><line nr="143" mi="2" ci="0" mb="0" cb="0"/><line nr="144" mi="3" ci="0" mb="0" cb="0"/><line nr="145" mi="6" ci="0" mb="0" cb="0"/><line nr="146" mi="1" ci="0" mb="0" cb="0"/><line nr="147" mi="4" ci="0" mb="2" cb="0"/><line nr="148" mi="4" ci="0" mb="0" cb="0"/><line nr="150" mi="5" ci="0" mb="0" cb="0"/><line nr="152" mi="11" ci="0" mb="0" cb="0"/><line nr="154" mi="5" ci="0" mb="0" cb="0"/><line nr="155" mi="1" ci="0" mb="0" cb="0"/><line nr="156" mi="10" ci="0" mb="0" cb="0"/><line nr="158" mi="1" ci="0" mb="0" cb="0"/><line nr="162" mi="2" ci="0" mb="0" cb="0"/><line nr="178" mi="4" ci="0" mb="0" cb="0"/><line nr="179" mi="6" ci="0" mb="0" cb="0"/><line nr="180" mi="7" ci="0" mb="0" cb="0"/><line nr="182" mi="4" ci="0" mb="0" cb="0"/><line nr="184" mi="10" ci="0" mb="2" cb="0"/><line nr="185" mi="5" ci="0" mb="2" cb="0"/><line nr="186" mi="2" ci="0" mb="2" cb="0"/><line nr="187" mi="4" ci="0" mb="0" cb="0"/><line nr="189" mi="1" ci="0" mb="0" cb="0"/><line nr="191" mi="2" ci="0" mb="0" cb="0"/><counter type="INSTRUCTION" missed="291" covered="0"/><counter type="BRANCH" missed="22" covered="0"/><counter type="LINE" missed="62" covered="0"/><counter type="COMPLEXITY" missed="16" covered="0"/><counter type="METHOD" missed="5" covered="0"/><counter type="CLASS" missed="1" covered="0"/></sourcefile><sourcefile name="ColumnDefinition.java"><line nr="77" mi="0" ci="2" mb="0" cb="0"/><line nr="78" mi="0" ci="1" mb="0" cb="0"/><line nr="81" mi="2" ci="0" mb="0" cb="0"/><line nr="82" mi="3" ci="0" mb="0" cb="0"/><line nr="83" mi="3" ci="0" mb="0" cb="0"/><line nr="84" mi="3" ci="0" mb="0" cb="0"/><line nr="85" mi="1" ci="0" mb="0" cb="0"/><line nr="95" mi="0" ci="2" mb="0" cb="0"/><line nr="96" mi="0" ci="3" mb="0" cb="0"/><line nr="97" mi="0" ci="3" mb="0" cb="0"/><line nr="98" mi="0" ci="3" mb="0" cb="0"/><line nr="99" mi="0" ci="1" mb="0" cb="0"/><line nr="114" mi="4" ci="0" mb="0" cb="0"/><line nr="115" mi="2" ci="0" mb="2" cb="0"/><line nr="116" mi="6" ci="0" mb="0" cb="0"/><line nr="119" mi="2" ci="0" mb="0" cb="0"/><line nr="127" mi="0" ci="3" mb="0" cb="0"/><line nr="135" mi="3" ci="0" mb="0" cb="0"/><line nr="143" mi="0" ci="3" mb="0" cb="0"/><line nr="151" mi="0" ci="3" mb="0" cb="0"/><line nr="159" mi="3" ci="0" mb="0" cb="0"/><line nr="168" mi="3" ci="0" mb="0" cb="0"/><line nr="169" mi="1" ci="0" mb="0" cb="0"/><line nr="177" mi="3" ci="0" mb="0" cb="0"/><line nr="178" mi="1" ci="0" mb="0" cb="0"/><line nr="186" mi="3" ci="0" mb="0" cb="0"/><line nr="187" mi="1" ci="0" mb="0" cb="0"/><line nr="195" mi="3" ci="0" mb="0" cb="0"/><line nr="196" mi="1" ci="0" mb="0" cb="0"/><line nr="205" mi="3" ci="0" mb="0" cb="0"/><line nr="206" mi="1" ci="0" mb="0" cb="0"/><line nr="209" mi="3" ci="0" mb="0" cb="0"/><line nr="213" mi="3" ci="0" mb="0" cb="0"/><line nr="214" mi="1" ci="0" mb="0" cb="0"/><line nr="217" mi="3" ci="0" mb="0" cb="0"/><line nr="221" mi="3" ci="0" mb="0" cb="0"/><line nr="222" mi="1" ci="0" mb="0" cb="0"/><line nr="225" mi="3" ci="0" mb="0" cb="0"/><line nr="229" mi="3" ci="0" mb="0" cb="0"/><line nr="230" mi="1" ci="0" mb="0" cb="0"/><line nr="233" mi="3" ci="0" mb="0" cb="0"/><line nr="237" mi="3" ci="0" mb="0" cb="0"/><line nr="238" mi="1" ci="0" mb="0" cb="0"/><counter type="INSTRUCTION" missed="80" covered="24"/><counter type="BRANCH" missed="2" covered="0"/><counter type="LINE" missed="33" covered="10"/><counter type="COMPLEXITY" missed="18" covered="5"/><counter type="METHOD" missed="17" covered="5"/><counter type="CLASS" missed="0" covered="1"/></sourcefile><sourcefile name="SqlInit.java"><line nr="52" mi="3" ci="0" mb="0" cb="0"/><line nr="62" mi="5" ci="0" mb="0" cb="0"/><line nr="64" mi="1" ci="0" mb="0" cb="0"/><line nr="80" mi="3" ci="0" mb="0" cb="0"/><line nr="81" mi="1" ci="0" mb="0" cb="0"/><line nr="82" mi="5" ci="0" mb="0" cb="0"/><line nr="84" mi="2" ci="0" mb="0" cb="0"/><line nr="98" mi="4" ci="0" mb="0" cb="0"/><line nr="101" mi="2" ci="0" mb="0" cb="0"/><line nr="140" mi="2" ci="0" mb="4" cb="0"/><line nr="142" mi="2" ci="0" mb="0" cb="0"/><line nr="144" mi="2" ci="0" mb="0" cb="0"/><line nr="146" mi="2" ci="0" mb="0" cb="0"/><line nr="148" mi="2" ci="0" mb="0" cb="0"/><line nr="167" mi="2" ci="0" mb="0" cb="0"/><counter type="INSTRUCTION" missed="38" covered="0"/><counter type="BRANCH" missed="4" covered="0"/><counter type="LINE" missed="15" covered="0"/><counter type="COMPLEXITY" missed="9" covered="0"/><counter type="METHOD" missed="6" covered="0"/><counter type="CLASS" missed="1" covered="0"/></sourcefile><sourcefile name="Utils.java"><line nr="62" mi="0" ci="2" mb="0" cb="0"/><line nr="64" mi="0" ci="4" mb="0" cb="0"/><line nr="65" mi="0" ci="6" mb="1" cb="1"/><line nr="66" mi="3" ci="0" mb="0" cb="0"/><line nr="67" mi="4" ci="0" mb="0" cb="0"/><line nr="68" mi="4" ci="0" mb="0" cb="0"/><line nr="69" mi="4" ci="0" mb="2" cb="0"/><line nr="70" mi="2" ci="0" mb="0" cb="0"/><line nr="72" mi="1" ci="0" mb="0" cb="0"/><line nr="74" mi="0" ci="2" mb="0" cb="0"/><line nr="90" mi="0" ci="2" mb="0" cb="0"/><line nr="92" mi="0" ci="4" mb="0" cb="0"/><line nr="93" mi="0" ci="6" mb="0" cb="2"/><line nr="94" mi="0" ci="3" mb="0" cb="0"/><line nr="95" mi="0" ci="6" mb="0" cb="2"/><line nr="96" mi="0" ci="2" mb="0" cb="0"/><line nr="97" mi="0" ci="1" mb="0" cb="0"/><line nr="99" mi="0" ci="1" mb="0" cb="0"/><line nr="101" mi="0" ci="2" mb="0" cb="0"/><line nr="116" mi="4" ci="0" mb="0" cb="0"/><line nr="118" mi="4" ci="0" mb="0" cb="0"/><line nr="119" mi="3" ci="0" mb="0" cb="0"/><line nr="120" mi="4" ci="0" mb="0" cb="0"/><line nr="121" mi="3" ci="0" mb="2" cb="0"/><line nr="122" mi="3" ci="0" mb="0" cb="0"/><line nr="123" mi="5" ci="0" mb="0" cb="0"/><line nr="126" mi="4" ci="0" mb="2" cb="0"/><line nr="127" mi="4" ci="0" mb="0" cb="0"/><line nr="129" mi="1" ci="0" mb="0" cb="0"/><line nr="131" mi="2" ci="0" mb="0" cb="0"/><line nr="143" mi="0" ci="4" mb="0" cb="0"/><line nr="145" mi="0" ci="4" mb="0" cb="0"/><line nr="147" mi="0" ci="6" mb="0" cb="2"/><line nr="148" mi="0" ci="3" mb="0" cb="0"/><line nr="149" mi="0" ci="3" mb="0" cb="2"/><line nr="150" mi="0" ci="4" mb="0" cb="0"/><line nr="152" mi="0" ci="1" mb="0" cb="0"/><line nr="154" mi="0" ci="2" mb="0" cb="0"/><line nr="169" mi="0" ci="5" mb="0" cb="0"/><line nr="185" mi="0" ci="5" mb="0" cb="0"/><line nr="201" mi="5" ci="0" mb="0" cb="0"/><line nr="216" mi="5" ci="0" mb="0" cb="0"/><line nr="230" mi="5" ci="0" mb="0" cb="0"/><line nr="246" mi="0" ci="5" mb="0" cb="0"/><line nr="248" mi="0" ci="2" mb="0" cb="0"/><line nr="249" mi="0" ci="4" mb="0" cb="2"/><line nr="250" mi="0" ci="4" mb="0" cb="0"/><line nr="251" mi="0" ci="4" mb="0" cb="0"/><line nr="252" mi="0" ci="2" mb="0" cb="2"/><line nr="253" mi="0" ci="3" mb="0" cb="0"/><line nr="254" mi="0" ci="4" mb="0" cb="2"/><line nr="255" mi="0" ci="4" mb="0" cb="0"/><line nr="257" mi="0" ci="1" mb="0" cb="0"/><line nr="259" mi="0" ci="4" mb="0" cb="0"/><line nr="261" mi="0" ci="2" mb="0" cb="0"/><line nr="274" mi="0" ci="4" mb="0" cb="0"/><line nr="275" mi="0" ci="3" mb="0" cb="0"/><line nr="276" mi="0" ci="3" mb="0" cb="2"/><line nr="277" mi="0" ci="4" mb="0" cb="0"/><line nr="278" mi="0" ci="3" mb="0" cb="2"/><line nr="279" mi="0" ci="4" mb="0" cb="0"/><line nr="281" mi="0" ci="4" mb="0" cb="0"/><line nr="282" mi="0" ci="1" mb="0" cb="0"/><line nr="283" mi="0" ci="3" mb="0" cb="0"/><line nr="294" mi="0" ci="4" mb="0" cb="0"/><line nr="316" mi="0" ci="6" mb="0" cb="0"/><line nr="317" mi="0" ci="4" mb="0" cb="0"/><lin
[...]
 line="138"><counter type="INSTRUCTION" missed="7" covered="0"/><counter type="LINE" missed="1" covered="0"/><counter type="COMPLEXITY" missed="1" covered="0"/><counter type="METHOD" missed="1" covered="0"/></method><method name="captionConstraints" desc="(IIIII)Ljava/awt/GridBagConstraints;" line="161"><counter type="INSTRUCTION" missed="30" covered="0"/><counter type="BRANCH" missed="6" covered="0"/><counter type="LINE" missed="9" covered="0"/><counter type="COMPLEXITY" missed="4" covered="0"/><counter type="METHOD" missed="1" covered="0"/></method><method name="clientAlignConstraints" desc="(II)Ljava/awt/GridBagConstraints;" line="184"><counter type="INSTRUCTION" missed="6" covered="0"/><counter type="LINE" missed="1" covered="0"/><counter type="COMPLEXITY" missed="1" covered="0"/><counter type="METHOD" missed="1" covered="0"/></method><method name="clientAlignConstraints" desc="(IIII)Ljava/awt/GridBagConstraints;" line="203"><counter type="INSTRUCTION" missed="11" covered="0"/><counter type="LINE" missed="3" covered="0"/><counter type="COMPLEXITY" missed="1" covered="0"/><counter type="METHOD" missed="1" covered="0"/></method><method name="createConstraints" desc="(IIII)Ljava/awt/GridBagConstraints;" line="224"><counter type="INSTRUCTION" missed="18" covered="0"/><counter type="LINE" missed="6" covered="0"/><counter type="COMPLEXITY" missed="1" covered="0"/><counter type="METHOD" missed="1" covered="0"/></method><method name="textAreaConstraints" desc="(II)Ljava/lang/Object;" line="242"><counter type="INSTRUCTION" missed="6" covered="0"/><counter type="LINE" missed="1" covered="0"/><counter type="COMPLEXITY" missed="1" covered="0"/><counter type="METHOD" missed="1" covered="0"/></method><method name="textAreaConstraints" desc="(IIII)Ljava/lang/Object;" line="260"><counter type="INSTRUCTION" missed="17" covered="0"/><counter type="LINE" missed="5" covered="0"/><counter type="COMPLEXITY" missed="1" covered="0"/><counter type="METHOD" missed="1" covered="0"/></method><method name="textFieldConstraints" desc="(II)Ljava/awt/GridBagConstraints;" line="277"><counter type="INSTRUCTION" missed="6" covered="0"/><counter type="LINE" missed="1" covered="0"/><counter type="COMPLEXITY" missed="1" covered="0"/><counter type="METHOD" missed="1" covered="0"/></method><method name="textFieldConstraints" desc="(IIII)Ljava/awt/GridBagConstraints;" line="296"><counter type="INSTRUCTION" missed="17" covered="0"/><counter type="LINE" missed="5" covered="0"/><counter type="COMPLEXITY" missed="1" covered="0"/><counter type="METHOD" missed="1" covered="0"/></method><method name="&lt;clinit&gt;" desc="()V" line="39"><counter type="INSTRUCTION" missed="29" covered="0"/><counter type="LINE" missed="5" covered="0"/><counter type="COMPLEXITY" missed="1" covered="0"/><counter type="METHOD" missed="1" covered="0"/></method><counter type="INSTRUCTION" missed="181" covered="0"/><counter type="BRANCH" missed="6" covered="0"/><counter type="LINE" missed="44" covered="0"/><counter type="COMPLEXITY" missed="17" covered="0"/><counter type="METHOD" missed="14" covered="0"/><counter type="CLASS" missed="1" covered="0"/></class><class name="org/argouml/ui/SelectCodeCreatorDialog$1" sourcefilename="SelectCodeCreatorDialog.java"><method name="&lt;init&gt;" desc="(Lorg/argouml/ui/SelectCodeCreatorDialog;)V" line="125"><counter type="INSTRUCTION" missed="6" covered="0"/><counter type="LINE" missed="1" covered="0"/><counter type="COMPLEXITY" missed="1" covered="0"/><counter type="METHOD" missed="1" covered="0"/></method><method name="valueChanged" desc="(Ljavax/swing/event/ListSelectionEvent;)V" line="127"><counter type="INSTRUCTION" missed="17" covered="0"/><counter type="BRANCH" missed="2" covered="0"/><counter type="LINE" missed="4" covered="0"/><counter type="COMPLEXITY" missed="2" covered="0"/><counter type="METHOD" missed="1" covered="0"/></method><counter type="INSTRUCTION" missed="23" covered="0"/><counter type="BRANCH" missed="2" covered="0"/><counter type="LINE" missed="5" covered="0"/><counter type="COMPLEXITY" missed="3" covered="0"/><counter type="METHOD" missed="2" covered="0"/><counter type="CLASS" missed="1" covered="0"/></class><class name="org/argouml/ui/SettingsTabSql$TableModelDomainMappings" sourcefilename="SettingsTabSql.java"><method name="&lt;init&gt;" desc="(Lorg/argouml/ui/SettingsTabSql;Ljava/lang/Class;)V" line="88"><counter type="INSTRUCTION" missed="45" covered="0"/><counter type="BRANCH" missed="4" covered="0"/><counter type="LINE" missed="11" covered="0"/><counter type="COMPLEXITY" missed="3" covered="0"/><counter type="METHOD" missed="1" covered="0"/></method><method name="newElement" desc="(Ljava/lang/Object;Ljava/lang/Object;)[Ljava/lang/Object;" line="103"><counter type="INSTRUCTION" missed="13" covered="0"/><counter type="LINE" missed="4" covered="0"/><counter type="COMPLEXITY" missed="1" covered="0"/><counter type="METHOD" missed="1" covered="0"/></method><method name="getColumnClass" desc="(I)Ljava/lang/Class;" line="110"><counter type="INSTRUCTION" missed="9" covered="0"/><counter type="BRANCH" missed="4" covered="0"/><counter type="LINE" missed="3" covered="0"/><counter type="COMPLEXITY" missed="3" covered="0"/><counter type="METHOD" missed="1" covered="0"/></method><method name="getColumnCount" desc="()I" line="117"><counter type="INSTRUCTION" missed="2" covered="0"/><counter type="LINE" missed="1" covered="0"/><counter type="COMPLEXITY" missed="1" covered="0"/><counter type="METHOD" missed="1" covered="0"/></method><method name="getColumnName" desc="(I)Ljava/lang/String;" line="121"><counter type="INSTRUCTION" missed="6" covered="0"/><counter type="LINE" missed="1" covered="0"/><counter type="COMPLEXITY" missed="1" covered="0"/><counter type="METHOD" missed="1" covered="0"/></method><method name="getRowCount" desc="()I" line="125"><counter type="INSTRUCTION" missed="7" covered="0"/><counter type="LINE" missed="1" covered="0"/><counter type="COMPLEXITY" missed="1" covered="0"/><counter type="METHOD" missed="1" covered="0"/></method><method name="getValueAt" desc="(II)Ljava/lang/Object;" line="129"><counter type="INSTRUCTION" missed="22" covered="0"/><counter type="BRANCH" missed="2" covered="0"/><counter type="LINE" missed="6" covered="0"/><counter type="COMPLEXITY" missed="2" covered="0"/><counter type="METHOD" missed="1" covered="0"/></method><method name="isCellEditable" desc="(II)Z" line="140"><counter type="INSTRUCTION" missed="13" covered="0"/><counter type="BRANCH" missed="6" covered="0"/><counter type="LINE" missed="1" covered="0"/><counter type="COMPLEXITY" missed="4" covered="0"/><counter type="METHOD" missed="1" covered="0"/></method><method name="setValueAt" desc="(Ljava/lang/Object;II)V" line="145"><counter type="INSTRUCTION" missed="39" covered="0"/><counter type="BRANCH" missed="6" covered="0"/><counter type="LINE" missed="7" covered="0"/><counter type="COMPLEXITY" missed="4" covered="0"/><counter type="METHOD" missed="1" covered="0"/></method><counter type="INSTRUCTION" missed="156" covered="0"/><counter type="BRANCH" missed="22" covered="0"/><counter type="LINE" missed="35" covered="0"/><counter type="COMPLEXITY" missed="20" covered="0"/><counter type="METHOD" missed="9" covered="0"/><counter type="CLASS" missed="1" covered="0"/></class><class name="org/argouml/ui/TableModelCodeCreators" sourcefilename="TableModelCodeCreators.java"><method name="&lt;init&gt;" desc="()V" line="50"><counter type="INSTRUCTION" missed="17" covered="0"/><counter type="LINE" missed="4" covered="0"/><counter type="COMPLEXITY" missed="1" covered="0"/><counter type="METHOD" missed="1" covered="0"/></method><method name="getColumnClass" desc="(I)Ljava/lang/Class;" line="57"><counter type="INSTRUCTION" missed="2" covered="0"/><counter type="LINE" missed="1" covered="0"/><counter type="COMPLEXITY" missed="1" covered="0"/><counter type="METHOD" missed="1" covered="0"/></method><method name="getColumnCount" desc="()I" line="61"><counter type="INSTRUCTION" missed="4" covered="0"/><counter type="LINE" missed="1" covered="0"/><counter type="COMPLEXITY" missed="1" covered="0"/><counter type="METHOD" missed="1" covered="0"/></method><method name="getColumnName" desc="(I)Ljava/lang/String;" line="66"><counter type="INSTRUCTION" missed="5" covered="0"/><counter type="LINE" missed="1" covered="0"/><counter type="COMPLEXITY" missed="1" covered="0"/><counter type="METHOD" missed="1" covered="0"/></method><method name="getRowCount" desc="()I" line="70"><counter type="INSTRUCTION" missed="4" covered="0"/><counter type="LINE" missed="1" covered="0"/><counter type="COMPLEXITY" missed="1" covered="0"/><counter type="METHOD" missed="1" covered="0"/></method><method name="getValueAt" desc="(II)Ljava/lang/Object;" line="74"><counter type="INSTRUCTION" missed="35" covered="0"/><counter type="BRANCH" missed="10" covered="0"/><counter type="LINE" missed="11" covered="0"/><counter type="COMPLEXITY" missed="6" covered="0"/><counter type="METHOD" missed="1" covered="0"/></method><counter type="INSTRUCTION" missed="67" covered="0"/><counter type="BRANCH" missed="10" covered="0"/><counter type="LINE" missed="19" covered="0"/><counter type="COMPLEXITY" missed="11" covered="0"/><counter type="METHOD" missed="6" covered="0"/><counter type="CLASS" missed="1" covered="0"/></class><sourcefile name="GridBagUtils.java"><line nr="39" mi="2" ci="0" mb="0" cb="0"/><line nr="40" mi="8" ci="0" mb="0" cb="0"/><line nr="41" mi="10" ci="0" mb="0" cb="0"/><line nr="42" mi="8" ci="0" mb="0" cb="0"/><line nr="43" mi="1" ci="0" mb="0" cb="0"/><line nr="57" mi="6" ci="0" mb="0" cb="0"/><line nr="78" mi="6" ci="0" mb="0" cb="0"/><line nr="80" mi="3" ci="0" mb="0" cb="0"/><line nr="81" mi="3" ci="0" mb="0" cb="0"/><line nr="82" mi="2" ci="0" mb="0" cb="0"/><line nr="98" mi="7" ci="0" mb="0" cb="0"/><line nr="117" mi="7" ci="0" mb="0" cb="0"/><line nr="138" mi="7" ci="0" mb="0" cb="0"/><line nr="161" mi="6" ci="0" mb="0" cb="0"/><line nr="162" mi="2" ci="0" mb="2" cb="0"/><line nr="163" mi="4" ci="0" mb="0" cb="0"/><line nr="164" mi="3" ci="0" mb="2" cb="0"/><line nr="165" mi="4" ci="0" mb="0" cb="0"/><line nr="166" mi="3" ci="0" mb="2" cb="0"/><line nr="167" mi="3" ci="0" mb="0" cb="0"/><line nr="169" mi="3" ci="0" mb="0" cb="0"/><line nr="170" mi="2" ci="0" mb="0" cb="0"/><line nr="184" mi="6" ci="0" mb="0" cb="0"/><line nr="203" mi="6" ci="0" mb="0" cb="0"/><line nr="204" mi="3" ci="0" mb="0" cb="0"/><line nr="205" mi="2" ci="0" mb="0" cb="0"/><line nr="224" mi="4" ci="0" mb="0" cb="0"/><line nr="225" mi="3" ci="0" mb="0" cb="0"/><line nr="226" mi="3" ci="0" mb="0" cb="0"/><line nr="227" mi="3" ci="0" mb="0" cb="0"/><line nr="228" mi="3" ci="0" mb="0" cb="0"/><line nr="229" mi="2" ci="0" mb="0" cb="0"/><line nr="242" mi="6" ci="0" mb="0" cb="0"/><line nr="260" mi="6" ci="0" mb="0" cb="0"/><line nr="261" mi="3" ci="0" mb="0" cb="0"/><line nr="262" mi="3" ci="0" mb="0" cb="0"/><line nr="263" mi="3" ci="0" mb="0" cb="0"/><line nr="264" mi="2" ci="0" mb="0" cb="0"/><line nr="277" mi="6" ci="0" mb="0" cb="0"/><line nr="296" mi="6" ci="0" mb="0" cb="0"/><line nr="297" mi="3" ci="0" mb="0" cb="0"/><line nr="298" mi="3" ci="0" mb="0" cb="0"/><line nr="299" mi="3" ci="0" mb="0" cb="0"/><line nr="300" mi="2" ci="0" mb="0" cb="0"/><counter type="INSTRUCTION" missed="181" covered="0"/><counter type="BRANCH" missed="6" covered="0"/><counter type="LINE" missed="44" covered="0"/><counter type="COMPLEXITY" missed="17" covered="0"/><counter type="METHOD" missed="14" covered="0"/><counter type="CLASS" missed="1" covered="0"/></sourcefile><sourcefile name="SettingsTabSql.java"><line nr="73" mi="2" ci="0" mb="0" cb="0"/><line nr="74" mi="4" ci="0" mb="0" cb="0"/><line nr="75" mi="8" ci="0" mb="0" cb="0"/><line nr="77" mi="7" ci="0" mb="0" cb="0"/><line nr="78" mi="4" ci="0" mb="0" cb="0"/><line nr="80" mi="3" ci="0" mb="0" cb="0"/><line nr="81" mi="1" ci="0" mb="0" cb="0"/><line nr="84" mi="7" ci="0" mb="0" cb="0"/><line nr="88" mi="5" ci="0" mb="0" cb="0"/><line nr="89" mi="3" ci="0" mb="0" cb="0"/><line nr="90" mi="4" ci="0" mb="0" cb="0"/><line nr="92" mi="6" ci="0" mb="0" cb="0"/><line nr="93" mi="2" ci="0" mb="2" cb="0"/><line nr="94" mi="3" ci="0" mb="0" cb="0"/><line nr="95" mi="6" ci="0" mb="2" cb="0"/><line nr="96" mi="4" ci="0" mb="0" cb="0"/><line nr="97" mi="10" ci="0" mb="0" cb="0"/><line nr="98" mi="1" ci="0" mb="0" cb="0"/><line nr="100" mi="1" ci="0" mb="0" cb="0"/><line nr="103" mi="3" ci="0" mb="0" cb="0"/><line nr="104" mi="4" ci="0" mb="0" cb="0"/><line nr="105" mi="4" ci="0" mb="0" cb="0"/><line nr="106" mi="2" ci="0" mb="0" cb="0"/><line nr="110" mi="5" ci="0" mb="4" cb="0"/><line nr="111" mi="2" ci="0" mb="0" cb="0"/><line nr="113" mi="2" ci="0" mb="0" cb="0"/><line nr="117" mi="2" ci="0" mb="0" cb="0"/><line nr="121" mi="6" ci="0" mb="0" cb="0"/><line nr="125" mi="7" ci="0" mb="0" cb="0"/><line nr="129" mi="2" ci="0" mb="0" cb="0"/><line nr="130" mi="6" ci="0" mb="2" cb="0"/><line nr="131" mi="3" ci="0" mb="0" cb="0"/><line nr="133" mi="5" ci="0" mb="0" cb="0"/><line nr="134" mi="4" ci="0" mb="0" cb="0"/><line nr="136" mi="2" ci="0" mb="0" cb="0"/><line nr="140" mi="13" ci="0" mb="6" cb="0"/><line nr="145" mi="6" ci="0" mb="2" cb="0"/><line nr="146" mi="2" ci="0" mb="2" cb="0"/><line nr="147" mi="10" ci="0" mb="0" cb="0"/><line nr="148" mi="3" ci="0" mb="2" cb="0"/><line nr="149" mi="10" ci="0" mb="0" cb="0"/><line nr="152" mi="7" ci="0" mb="0" cb="0"/><line nr="154" mi="1" ci="0" mb="0" cb="0"/><line nr="157" mi="6" ci="0" mb="0" cb="0"/><line nr="158" mi="5" ci="0" mb="0" cb="0"/><line nr="159" mi="3" ci="0" mb="0" cb="0"/><line nr="181" mi="2" ci="0" mb="0" cb="0"/><line nr="182" mi="3" ci="0" mb="0" cb="0"/><line nr="183" mi="1" ci="0" mb="0" cb="0"/><line nr="186" mi="2" ci="0" mb="0" cb="0"/><line nr="190" mi="3" ci="0" mb="2" cb="0"/><line nr="191" mi="4" ci="0" mb="0" cb="0"/><line nr="192" mi="20" ci="0" mb="0" cb="0"/><line nr="193" mi="12" ci="0" mb="0" cb="0"/><line nr="195" mi="3" ci="0" mb="0" cb="0"/><line nr="197" mi="7" ci="0" mb="0" cb="0"/><line nr="198" mi="7" ci="0" mb="0" cb="0"/><line nr="200" mi="8" ci="0" mb="0" cb="0"/><line nr="201" mi="5" ci="0" mb="0" cb="0"/><line nr="202" mi="7" ci="0" mb="0" cb="0"/><line nr="203" mi="7" ci="0" mb="0" cb="0"/><line nr="205" mi="5" ci="0" mb="0" cb="0"/><line nr="207" mi="7" ci="0" mb="0" cb="0"/><line nr="208" mi="6" ci="0" mb="0" cb="0"/><line nr="209" mi="7" ci="0" mb="0" cb="0"/><line nr="210" mi="8" ci="0" mb="0" cb="0"/><line nr="211" mi="7" ci="0" mb="0" cb="0"/><line nr="212" mi="11" ci="0" mb="0" cb="0"/><line nr="213" mi="1" ci="0" mb="0" cb="0"/><line nr="215" mi="3" ci="0" mb="0" cb="0"/><line nr="218" mi="2" ci="0" mb="0" cb="0"/><line nr="222" mi="3" ci="0" mb="0" cb="0"/><line nr="223" mi="1" ci="0" mb="0" cb="0"/><line nr="226" mi="3" ci="0" mb="0" cb="0"/><line nr="227" mi="1" ci="0" mb="0" cb="0"/><line nr="230" mi="3" ci="0" mb="0" cb="0"/><line nr="231" mi="1" ci="0" mb="0" cb="0"/><line nr="234" mi="2" ci="0" mb="0" cb="0"/><line nr="235" mi="3" ci="0" mb="0" cb="0"/><line nr="236" mi="1" ci="0" mb="0" cb="0"/><line nr="239" mi="3" ci="0" mb="2" cb="0"/><line nr="240" mi="3" ci="0" mb="0" cb="0"/><line nr="241" mi="5" ci="0" mb="0" cb="0"/><line nr="242" mi="9" ci="0" mb="2" cb="0"/><line nr="243" mi="4" ci="0" mb="0" cb="0"/><line nr="244" mi="5" ci="0" mb="0" cb="0"/><line nr="245" mi="5" ci="0" mb="0" cb="0"/><line nr="246" mi="7" ci="0" mb="0" cb="0"/><line nr="249" mi="1" ci="0" mb="0" cb="0"/><counter type="INSTRUCTION" missed="414" covered="0"/><counter type="BRANCH" missed="28" covered="0"/><counter type="LINE" missed="89" covered="0"/><counter type="COMPLEXITY" missed="33" covered="0"/><counter type="METHOD" missed="19" covered="0"/><counter type="CLASS" missed="2" covered="0"/></sourcefile><sourcefile name="SelectCodeCreatorDialog.java"><line nr="71" mi="2" ci="0" mb="0" cb="0"/><line nr="73" mi="4" ci="0" mb="0" cb="0"/><line nr="88" mi="2" ci="0" mb="2" cb="0"/><line nr="89" mi="4" ci="0" mb="0" cb="0"/><line nr="90" mi="3" ci="0" mb="0" cb="0"/><line nr="93" mi="2" ci="0" mb="0" cb="0"/><line nr="101" mi="6" ci="0" mb="0" cb="0"/><line nr="104" mi="7" ci="0" mb="0" cb="0"/><line nr="106" mi="4" ci="0" mb="0" cb="0"/><line nr="107" mi="12" ci="0" mb="0" cb="0"/><line nr="108" mi="8" ci="0" mb="0" cb="0"/><line nr="110" mi="4" ci="0" mb="0" cb="0"/><line nr="111" mi="3" ci="0" mb="0" cb="0"/><line nr="113" mi="7" ci="0" mb="0" cb="0"/><line nr="114" mi="7" ci="0" mb="0" cb="0"/><line nr="116" mi="8" ci="0" mb="0" cb="0"/><line nr="117" mi="7" ci="0" mb="0" cb="0"/><line nr="118" mi="4" ci="0" mb="0" cb="0"/><line nr="120" mi="8" ci="0" mb="0" cb="0"/><line nr="122" mi="7" ci="0" mb="0" cb="0"/><line nr="123" mi="3" ci="0" mb="0" cb="0"/><line nr="124" mi="8" ci="0" mb="0" cb="0"/><line nr="125" mi="6" ci="0" mb="0" cb="0"/><line nr="127" mi="5" ci="0" mb="2" cb="0"/><line nr="128" mi="6" ci="0" mb="0" cb="0"/><line nr="130" mi="5" ci="0" mb="0" cb="0"/><line nr="132" mi="1" ci="0" mb="0" cb="0"/><line nr="134" mi="1" ci="0" mb="0" cb="0"/><line nr="138" mi="5" ci="0" mb="2" cb="0"/><line nr="140" mi="4" ci="0" mb="0" cb="0"/><line nr="141" mi="7" ci="0" mb="4" cb="0"/><line nr="142" mi="2" ci="0" mb="0" cb="0"/><line nr="143" mi="6" ci="0" mb="0" cb="0"/><line nr="144" mi="3" ci="0" mb="0" cb="0"/><line nr="145" mi="2" ci="0" mb="0" cb="0"/><line nr="147" mi="1" ci="0" mb="0" cb="0"/><line nr="150" mi="4" ci="0" mb="0" cb="0"/><line nr="151" mi="1" ci="0" mb="0" cb="0"/><line nr="152" mi="2" ci="0" mb="0" cb="0"/><line nr="153" mi="2" ci="0" mb="0" cb="0"/><line nr="154" mi="5" ci="0" mb="0" cb="0"/><line nr="155" mi="3" ci="0" mb="0" cb="0"/><line nr="156" mi="3" ci="0" mb="0" cb="0"/><line nr="157" mi="1" ci="0" mb="0" cb="0"/><line nr="159" mi="2" ci="0" mb="0" cb="0"/><line nr="160" mi="1" ci="0" mb="0" cb="0"/><counter type="INSTRUCTION" missed="198" covered="0"/><counter type="BRANCH" missed="10" covered="0"/><counter type="LINE" missed="46" covered="0"/><counter type="COMPLEXITY" missed="11" covered="0"/><counter type="METHOD" missed="6" covered="0"/><counter type="CLASS" missed="2" covered="0"/></sourcefile><sourcefile name="TableModelCodeCreators.java"><line nr="50" mi="2" ci="0" mb="0" cb="0"/><line nr="51" mi="7" ci="0" mb="0" cb="0"/><line nr="52" mi="5" ci="0" mb="0" cb="0"/><line nr="53" mi="3" ci="0" mb="0" cb="0"/><line nr="57" mi="2" ci="0" mb="0" cb="0"/><line nr="61" mi="4" ci="0" mb="0" cb="0"/><line nr="66" mi="5" ci="0" mb="0" cb="0"/><line nr="70" mi="4" ci="0" mb="0" cb="0"/><line nr="74" mi="2" ci="0" mb="0" cb="0"/><line nr="75" mi="6" ci="0" mb="4" cb="0"/><line nr="76" mi="1" ci="0" mb="0" cb="0"/><line nr="77" mi="5" ci="0" mb="0" cb="0"/><line nr="78" mi="2" ci="0" mb="2" cb="0"/><line nr="79" mi="4" ci="0" mb="0" cb="0"/><line nr="80" mi="3" ci="0" mb="2" cb="0"/><line nr="81" mi="5" ci="0" mb="0" cb="0"/><line nr="82" mi="3" ci="0" mb="2" cb="0"/><line nr="83" mi="2" ci="0" mb="0" cb="0"/><line nr="86" mi="2" ci="0" mb="0" cb="0"/><counter type="INSTRUCTION" missed="67" covered="0"/><counter type="BRANCH" missed="10" covered="0"/><counter type="LINE" missed="19" covered="0"/><counter type="COMPLEXITY" missed="11" covered="0"/><counter type="METHOD" missed="6" covered="0"/><counter type="CLASS" missed="1" covered="0"/></sourcefile><counter type="INSTRUCTION" missed="860" covered="0"/><counter type="BRANCH" missed="54" covered="0"/><counter type="LINE" missed="198" covered="0"/><counter type="COMPLEXITY" missed="72" covered="0"/><counter type="METHOD" missed="45" covered="0"/><counter type="CLASS" missed="6" covered="0"/></package><counter type="INSTRUCTION" missed="21246" covered="1097"/><counter type="BRANCH" missed="1528" covered="62"/><counter type="LINE" missed="4592" covered="287"/><counter type="COMPLEXITY" missed="1277" covered="81"/><counter type="METHOD" missed="410" covered="55"/><counter type="CLASS" missed="28" covered="6"/></report>